<?xml version="1.0" encoding="UTF-8"?>
<testsuite xmlns:xsi="http://www.w3.org/2001/XMLSchema-instance" xsi:noNamespaceSchemaLocation="https://maven.apache.org/surefire/maven-surefire-plugin/xsd/surefire-test-report-3.0.xsd" version="3.0" name="com.bankx.mock.MockRiskControllerTest" time="1.551" tests="3" errors="0" skipped="0" failures="0">
  <properties>
[...]
</properties>
  <testcase name="allow_withLargeDelay_ok" classname="com.bankx.mock.MockRiskControllerTest" time="1.515">
    <system-out><![CDATA[{"timeMillis":1769004517128,"thread":"main","level":"INFO","loggerName":"org.springframework.test.context.support.AnnotationConfigContextLoaderUtils","message":"Could not detect default configuration classes for test class [com.bankx.mock.MockRiskControllerTest]: MockRiskControllerTest does not declare any static, non-private, non-final, nested classes annotated with @Configuration.","endOfBatch":false,"loggerFqcn":"org.apache.commons.logging.LogAdapter$Log4jLog","contextMap":{},"threadId":1,"threadPriority":5,"app":"bankx-transactions","env":"dev"}
{"timeMillis":1769004517142,"thread":"main","level":"INFO","loggerName":"org.springframework.boot.test.context.SpringBootTestContextBootstrapper","message":"Found @SpringBootConfiguration com.bankx.TransactionsServiceApplication for test class com.bankx.mock.MockRiskControllerTest","endOfBatch":false,"loggerFqcn":"org.apache.commons.logging.LogAdapter$Log4jLog","contextMap":{},"threadId":1,"threadPriority":5,"app":"bankx-transactions","env":"dev"}
]]></system-out>
  </testcase>
  <testcase name="allow_forcedFail_returns5xx" classname="com.bankx.mock.MockRiskControllerTest" time="0.009"/>
  <testcase name="allow_ok" classname="com.bankx.mock.MockRiskControllerTest" time="0.005"/>
</testsuite>