<?xml version="1.0" encoding="UTF-8"?>
<testsuite xmlns:xsi="http://www.w3.org/2001/XMLSchema-instance" xsi:noNamespaceSchemaLocation="https://maven.apache.org/surefire/maven-surefire-plugin/xsd/surefire-test-report-3.0.xsd" version="3.0" name="com.bankx.api.TransactionControllerTest" time="10.25" tests="6" errors="0" skipped="0" failures="0">
  <properties>
[...]
</properties>
  <testcase name="createTransaction_ok" classname="com.bankx.api.TransactionControllerTest" time="1.025">
    <system-out><![CDATA[
  .   ____          _            __ _ _
 /\\ / ___'_ __ _ _(_)_ __  __ _ \ \ \ \
( ( )\___ | '_ | '_| | '_ \/ _` | \ \ \ \
 \\/  ___)| |_)| | | | | || (_| |  ) ) ) )
  '  |____| .__|_| |_|_| |_\__, | / / / /
 =========|_|==============|___/=/_/_/_/

 :: Spring Boot ::                (v3.3.4)

{"timeMillis":1769004508528,"thread":"main","level":"INFO","loggerName":"com.bankx.api.TransactionControllerTest","message":"Starting TransactionControllerTest using Java 17.0.12 with PID 36484 (started by verdu in D:\\ProyectosBOOTCAMP-Chapter\\ProyectoBootcampBCP)","endOfBatch":false,"loggerFqcn":"org.apache.commons.logging.LogAdapter$Log4jLog","contextMap":{},"threadId":1,"threadPriority":5,"app":"bankx-transactions","env":"dev"}
{"timeMillis":1769004508616,"thread":"main","level":"DEBUG","loggerName":"com.bankx.api.TransactionControllerTest","message":"Running with Spring Boot v3.3.4, Spring v6.1.13","endOfBatch":false,"loggerFqcn":"org.apache.commons.logging.LogAdapter$Log4jLog","contextMap":{},"threadId":1,"threadPriority":5,"app":"bankx-transactions","env":"dev"}
{"timeMillis":1769004508617,"thread":"main","level":"INFO","loggerName":"com.bankx.api.TransactionControllerTest","message":"The following 1 profile is active: \"dev\"","endOfBatch":false,"loggerFqcn":"org.apache.commons.logging.LogAdapter$Log4jLog","contextMap":{},"threadId":1,"threadPriority":5,"app":"bankx-transactions","env":"dev"}
{"timeMillis":1769004509554,"thread":"main","level":"INFO","loggerName":"org.springframework.data.repository.config.RepositoryConfigurationDelegate","message":"Multiple Spring Data modules found, entering strict repository configuration mode","endOfBatch":false,"loggerFqcn":"org.apache.commons.logging.LogAdapter$Log4jLog","contextMap":{},"threadId":1,"threadPriority":5,"app":"bankx-transactions","env":"dev"}
{"timeMillis":1769004509555,"thread":"main","level":"INFO","loggerName":"org.springframework.data.repository.config.RepositoryConfigurationDelegate","message":"Bootstrapping Spring Data JPA repositories in DEFAULT mode.","endOfBatch":false,"loggerFqcn":"org.apache.commons.logging.LogAdapter$Log4jLog","contextMap":{},"threadId":1,"threadPriority":5,"app":"bankx-transactions","env":"dev"}
{"timeMillis":1769004509713,"thread":"main","level":"INFO","loggerName":"org.springframework.data.repository.config.RepositoryConfigurationExtensionSupport","message":"Spring Data JPA - Could not safely identify store assignment for repository candidate interface com.bankx.repo.AccountRepository; If you want this repository to be a JPA repository, consider annotating your entities with one of these annotations: jakarta.persistence.Entity, jakarta.persistence.MappedSuperclass (preferred), or consider extending one of the following types with your repository: org.springframework.data.jpa.repository.JpaRepository","endOfBatch":false,"loggerFqcn":"org.apache.commons.logging.LogAdapter$Log4jLog","contextMap":{},"threadId":1,"threadPriority":5,"app":"bankx-transactions","env":"dev"}
{"timeMillis":1769004509714,"thread":"main","level":"INFO","loggerName":"org.springframework.data.repository.config.RepositoryConfigurationExtensionSupport","message":"Spring Data JPA - Could not safely identify store assignment for repository candidate interface com.bankx.repo.TransactionRepository; If you want this repository to be a JPA repository, consider annotating your entities with one of these annotations: jakarta.persistence.Entity, jakarta.persistence.MappedSuperclass (preferred), or consider extending one of the following types with your repository: org.springframework.data.jpa.repository.JpaRepository","endOfBatch":false,"loggerFqcn":"org.apache.commons.logging.LogAdapter$Log4jLog","contextMap":{},"threadId":1,"threadPriority":5,"app":"bankx-transactions","env":"dev"}
{"timeMillis":1769004509747,"thread":"main","level":"INFO","loggerName":"org.springframework.data.repository.config.RepositoryConfigurationDelegate","message":"Finished Spring Data repository scanning in 180 ms. Found 1 JPA repository interface.","endOfBatch":false,"loggerFqcn":"org.apache.commons.logging.LogAdapter$Log4jLog","contextMap":{},"threadId":1,"threadPriority":5,"app":"bankx-transactions","env":"dev"}
{"timeMillis":1769004509758,"thread":"main","level":"INFO","loggerName":"org.springframework.data.repository.config.RepositoryConfigurationDelegate","message":"Multiple Spring Data modules found, entering strict repository configuration mode","endOfBatch":false,"loggerFqcn":"org.apache.commons.logging.LogAdapter$Log4jLog","contextMap":{},"threadId":1,"threadPriority":5,"app":"bankx-transactions","env":"dev"}
{"timeMillis":1769004509761,"thread":"main","level":"INFO","loggerName":"org.springframework.data.repository.config.RepositoryConfigurationDelegate","message":"Bootstrapping Spring Data Reactive MongoDB repositories in DEFAULT mode.","endOfBatch":false,"loggerFqcn":"org.apache.commons.logging.LogAdapter$Log4jLog","contextMap":{},"threadId":1,"threadPriority":5,"app":"bankx-transactions","env":"dev"}
{"timeMillis":1769004509771,"thread":"main","level":"INFO","loggerName":"org.springframework.data.repository.config.RepositoryConfigurationExtensionSupport","message":"Spring Data Reactive MongoDB - Could not safely identify store assignment for repository candidate interface com.bankx.legacy.RiskRuleRepository; If you want this repository to be a Reactive MongoDB repository, consider annotating your entities with one of these annotations: org.springframework.data.mongodb.core.mapping.Document (preferred), or consider extending one of the following types with your repository: org.springframework.data.mongodb.repository.ReactiveMongoRepository","endOfBatch":false,"loggerFqcn":"org.apache.commons.logging.LogAdapter$Log4jLog","contextMap":{},"threadId":1,"threadPriority":5,"app":"bankx-transactions","env":"dev"}
{"timeMillis":1769004509781,"thread":"main","level":"INFO","loggerName":"org.springframework.data.repository.config.RepositoryConfigurationDelegate","message":"Finished Spring Data repository scanning in 19 ms. Found 2 Reactive MongoDB repository interfaces.","endOfBatch":false,"loggerFqcn":"org.apache.commons.logging.LogAdapter$Log4jLog","contextMap":{},"threadId":1,"threadPriority":5,"app":"bankx-transactions","env":"dev"}
{"timeMillis":1769004511609,"thread":"main","level":"INFO","loggerName":"org.springframework.orm.jpa.persistenceunit.SpringPersistenceUnitInfo","message":"No LoadTimeWeaver setup: ignoring JPA class transformer","endOfBatch":false,"loggerFqcn":"org.apache.commons.logging.LogAdapter$Log4jLog","contextMap":{},"threadId":1,"threadPriority":5,"app":"bankx-transactions","env":"dev"}
{"timeMillis":1769004511650,"thread":"main","level":"INFO","loggerName":"com.zaxxer.hikari.HikariDataSource","message":"HikariPool-1 - Starting...","endOfBatch":false,"loggerFqcn":"org.apache.logging.slf4j.Log4jLogger","contextMap":{},"threadId":1,"threadPriority":5,"app":"bankx-transactions","env":"dev"}
{"timeMillis":1769004511917,"thread":"main","level":"INFO","loggerName":"com.zaxxer.hikari.pool.HikariPool","message":"HikariPool-1 - Added connection conn0: url=jdbc:h2:mem:3f4d3956-fa27-4c7e-8137-d9d7a51b8dd2 user=SA","endOfBatch":false,"loggerFqcn":"org.apache.logging.slf4j.Log4jLogger","contextMap":{},"threadId":1,"threadPriority":5,"app":"bankx-transactions","env":"dev"}
{"timeMillis":1769004511918,"thread":"main","level":"INFO","loggerName":"com.zaxxer.hikari.HikariDataSource","message":"HikariPool-1 - Start completed.","endOfBatch":false,"loggerFqcn":"org.apache.logging.slf4j.Log4jLogger","contextMap":{},"threadId":1,"threadPriority":5,"app":"bankx-transactions","env":"dev"}
{"timeMillis":1769004512777,"thread":"main","level":"DEBUG","loggerName":"org.hibernate.SQL","message":"drop table if exists risk_rules cascade ","endOfBatch":false,"loggerFqcn":"org.jboss.logging.Logger","contextMap":{},"threadId":1,"threadPriority":5,"app":"bankx-transactions","env":"dev"}
Hibernate: drop table if exists risk_rules cascade 
{"timeMillis":1769004512789,"thread":"main","level":"DEBUG","loggerName":"org.hibernate.SQL","message":"create table risk_rules (max_debit_per_tx numeric(38,2), id bigint generated by default as identity, currency varchar(255), primary key (id))","endOfBatch":false,"loggerFqcn":"org.jboss.logging.Logger","contextMap":{},"threadId":1,"threadPriority":5,"app":"bankx-transactions","env":"dev"}
Hibernate: create table risk_rules (max_debit_per_tx numeric(38,2), id bigint generated by default as identity, currency varchar(255), primary key (id))
{"timeMillis":1769004512798,"thread":"main","level":"INFO","loggerName":"org.springframework.orm.jpa.LocalContainerEntityManagerFactoryBean","message":"Initialized JPA EntityManagerFactory for persistence unit 'default'","endOfBatch":false,"loggerFqcn":"org.apache.commons.logging.LogAdapter$Log4jLog","contextMap":{},"threadId":1,"threadPriority":5,"app":"bankx-transactions","env":"dev"}
{"timeMillis":1769004515055,"thread":"main","level":"INFO","loggerName":"org.springframework.boot.actuate.endpoint.web.EndpointLinksResolver","message":"Exposing 2 endpoints beneath base path '/actuator'","endOfBatch":false,"loggerFqcn":"org.apache.commons.logging.LogAdapter$Log4jLog","contextMap":{},"threadId":1,"threadPriority":5,"app":"bankx-transactions","env":"dev"}
{"timeMillis":1769004515691,"thread":"main","level":"INFO","loggerName":"org.springframework.boot.web.embedded.netty.NettyWebServer","message":"Netty started on port 50078 (http)","endOfBatch":false,"loggerFqcn":"org.apache.commons.logging.LogAdapter$Log4jLog","contextMap":{},"threadId":1,"threadPriority":5,"app":"bankx-transactions","env":"dev"}
{"timeMillis":1769004515700,"thread":"main","level":"INFO","loggerName":"com.bankx.api.TransactionControllerTest","message":"Started TransactionControllerTest in 7.754 seconds (process running for 9.723)","endOfBatch":false,"loggerFqcn":"org.apache.commons.logging.LogAdapter$Log4jLog","contextMap":{},"threadId":1,"threadPriority":5,"app":"bankx-transactions","env":"dev"}
{"timeMillis":1769004515734,"thread":"main","level":"DEBUG","loggerName":"org.hibernate.SQL","message":"insert into risk_rules (currency,max_debit_per_tx,id) values (?,?,default)","endOfBatch":false,"loggerFqcn":"org.jboss.logging.Logger","contextMap":{},"threadId":1,"threadPriority":5,"app":"bankx-transactions","env":"dev"}
Hibernate: insert into risk_rules (currency,max_debit_per_tx,id) values (?,?,default)
{"timeMillis":1769004515795,"thread":"main","level":"DEBUG","loggerName":"org.hibernate.SQL","message":"insert into risk_rules (currency,max_debit_per_tx,id) values (?,?,default)","endOfBatch":false,"loggerFqcn":"org.jboss.logging.Logger","contextMap":{},"threadId":1,"threadPriority":5,"app":"bankx-transactions","env":"dev"}
Hibernate: insert into risk_rules (currency,max_debit_per_tx,id) values (?,?,default)
{"timeMillis":1769004516427,"thread":"main","level":"DEBUG","loggerName":"org.hibernate.SQL","message":"select rr1_0.id,rr1_0.currency,rr1_0.max_debit_per_tx from risk_rules rr1_0 where rr1_0.currency=? fetch first ? rows only","endOfBatch":false,"loggerFqcn":"org.jboss.logging.Logger","contextMap":{},"threadId":1,"threadPriority":5,"app":"bankx-transactions","env":"dev"}
Hibernate: select rr1_0.id,rr1_0.currency,rr1_0.max_debit_per_tx from risk_rules rr1_0 where rr1_0.currency=? fetch first ? rows only
{"timeMillis":1769004516440,"thread":"main","level":"DEBUG","loggerName":"org.hibernate.SQL","message":"select rr1_0.id,rr1_0.currency,rr1_0.max_debit_per_tx from risk_rules rr1_0 where rr1_0.id=?","endOfBatch":false,"loggerFqcn":"org.jboss.logging.Logger","contextMap":{},"threadId":1,"threadPriority":5,"app":"bankx-transactions","env":"dev"}
Hibernate: select rr1_0.id,rr1_0.currency,rr1_0.max_debit_per_tx from risk_rules rr1_0 where rr1_0.id=?
{"timeMillis":1769004516446,"thread":"main","level":"DEBUG","loggerName":"org.hibernate.SQL","message":"update risk_rules set currency=?,max_debit_per_tx=? where id=?","endOfBatch":false,"loggerFqcn":"org.jboss.logging.Logger","contextMap":{},"threadId":1,"threadPriority":5,"app":"bankx-transactions","env":"dev"}
Hibernate: update risk_rules set currency=?,max_debit_per_tx=? where id=?
{"timeMillis":1769004516682,"thread":"parallel-1","level":"DEBUG","loggerName":"com.bankx.service.TransactionService","message":"create_tx_start account=001-0001 type=DEBIT amount=100","endOfBatch":false,"loggerFqcn":"org.apache.logging.log4j.spi.AbstractLogger","contextMap":{"corrId":"40c234d2-6bd2-4500-94a6-3e4bf28563c1"},"threadId":47,"threadPriority":5,"app":"bankx-transactions","env":"dev"}
{"timeMillis":1769004516715,"thread":"nioEventLoopGroup-3-4","level":"DEBUG","loggerName":"com.bankx.risk.RiskRemoteClient","message":"risk_remote_call currency=PEN type=DEBIT amount=100 fail=false delayMs=0","endOfBatch":false,"loggerFqcn":"org.apache.logging.log4j.spi.AbstractLogger","contextMap":{},"threadId":46,"threadPriority":10,"app":"bankx-transactions","env":"dev"}
{"timeMillis":1769004516848,"thread":"reactor-http-nio-2","level":"WARN","loggerName":"com.bankx.risk.RiskRemoteClient","message":"risk_remote_fallback reason=org.springframework.web.reactive.function.client.WebClientRequestException: Connection refused: no further information: localhost/127.0.0.1:8084","thrown":{"commonElementCount":0,"localizedMessage":"Connection refused: no further information: localhost/127.0.0.1:8084","message":"Connection refused: no further information: localhost/127.0.0.1:8084","name":"org.springframework.web.reactive.function.client.WebClientRequestException","cause":{"commonElementCount":0,"localizedMessage":"Connection refused: no further information: localhost/127.0.0.1:8084","message":"Connection refused: no further information: localhost/127.0.0.1:8084","name":"io.netty.channel.AbstractChannel$AnnotatedConnectException","cause":{"commonElementCount":0,"localizedMessage":"Connection refused: no further information","message":"Connection refused: no further information","name":"java.net.ConnectException","extendedStackTrace":"java.net.ConnectException: Connection refused: no further information\n\tat java.base/sun.nio.ch.Net.pollConnect(Native Method) ~[?:?]\n\tat java.base/sun.nio.ch.Net.pollConnectNow(Net.java:672) ~[?:?]\n\tat java.base/sun.nio.ch.SocketChannelImpl.finishConnect(SocketChannelImpl.java:946) ~[?:?]\n\tat io.netty.channel.socket.nio.NioSocketChannel.doFinishConnect(NioSocketChannel.java:336) ~[netty-transport-4.1.113.Final.jar:4.1.113.Final]\n\tat io.netty.channel.nio.AbstractNioChannel$AbstractNioUnsafe.finishConnect(AbstractNioChannel.java:339) [netty-transport-4.1.113.Final.jar:4.1.113.Final]\n\tat io.netty.channel.nio.NioEventLoop.processSelectedKey(NioEventLoop.java:776) [netty-transport-4.1.113.Final.jar:4.1.113.Final]\n\tat io.netty.channel.nio.NioEventLoop.processSelectedKeysOptimized(NioEventLoop.java:724) [netty-transport-4.1.113.Final.jar:4.1.113.Final]\n\tat io.netty.channel.nio.NioEventLoop.processSelectedKeys(NioEventLoop.java:650) [netty-transport-4.1.113.Final.jar:4.1.113.Final]\n\tat io.netty.channel.nio.NioEventLoop.run(NioEventLoop.java:562) [netty-transport-4.1.113.Final.jar:4.1.113.Final]\n\tat io.netty.util.concurrent.SingleThreadEventExecutor$4.run(SingleThreadEventExecutor.java:997) [netty-common-4.1.113.Final.jar:4.1.113.Final]\n\tat io.netty.util.internal.ThreadExecutorMap$2.run(ThreadExecutorMap.java:74) [netty-common-4.1.113.Final.jar:4.1.113.Final]\n\tat io.netty.util.concurrent.FastThreadLocalRunnable.run(FastThreadLocalRunnable.java:30) [netty-common-4.1.113.Final.jar:4.1.113.Final]\n\tat java.base/java.lang.Thread.run(Thread.java:842) [?:?]\n"},"extendedStackTrace":"io.netty.channel.AbstractChannel$AnnotatedConnectException: Connection refused: no further information: localhost/127.0.0.1:8084\nCaused by: java.net.ConnectException: Connection refused: no further information\n\tat java.base/sun.nio.ch.Net.pollConnect(Native Method) ~[?:?]\n\tat java.base/sun.nio.ch.Net.pollConnectNow(Net.java:672) ~[?:?]\n\tat java.base/sun.nio.ch.SocketChannelImpl.finishConnect(SocketChannelImpl.java:946) ~[?:?]\n\tat io.netty.channel.socket.nio.NioSocketChannel.doFinishConnect(NioSocketChannel.java:336) ~[netty-transport-4.1.113.Final.jar:4.1.113.Final]\n\tat io.netty.channel.nio.AbstractNioChannel$AbstractNioUnsafe.finishConnect(AbstractNioChannel.java:339) [netty-transport-4.1.113.Final.jar:4.1.113.Final]\n\tat io.netty.channel.nio.NioEventLoop.processSelectedKey(NioEventLoop.java:776) [netty-transport-4.1.113.Final.jar:4.1.113.Final]\n\tat io.netty.channel.nio.NioEventLoop.processSelectedKeysOptimized(NioEventLoop.java:724) [netty-transport-4.1.113.Final.jar:4.1.113.Final]\n\tat io.netty.channel.nio.NioEventLoop.processSelectedKeys(NioEventLoop.java:650) [netty-transport-4.1.113.Final.jar:4.1.113.Final]\n\tat io.netty.channel.nio.NioEventLoop.run(NioEventLoop.java:562) [netty-transport-4.1.113.Final.jar:4.1.113.Final]\n\tat io.netty.util.concurrent.SingleThreadEventExecutor$4.run(SingleThreadEventExecutor.java:997) [netty-common-4.1.113.Final.jar:4.1.113.Final]\n\tat io.netty.util.internal.ThreadExecutorMap$2.run(ThreadExecutorMap.java:74) [netty-common-4.1.113.Final.jar:4.1.113.Final]\n\tat io.netty.util.concurrent.FastThreadLocalRunnable.run(FastThreadLocalRunnable.java:30) [netty-common-4.1.113.Final.jar:4.1.113.Final]\n\tat java.base/java.lang.Thread.run(Thread.java:842) [?:?]\n"},"suppressed":[{"commonElementCount":0,"localizedMessage":"\r\nError has been observed at the following site(s):\r\n\t*__checkpoint â‡¢ Request to GET http://localhost:8084/mock/risk/allow [DefaultWebClient]\r\nOriginal Stack Trace:","message":"\r\nError has been observed at the following site(s):\r\n\t*__checkpoint â‡¢ Request to GET http://localhost:8084/mock/risk/allow [DefaultWebClient]\r\nOriginal Stack Trace:","name":"reactor.core.publisher.FluxOnAssembly$OnAssemblyException","extendedStackTrace":"reactor.core.publisher.FluxOnAssembly$OnAssemblyException: \r\nError has been observed at the following site(s):\r\n\t*__checkpoint â‡¢ Request to GET http://localhost:8084/mock/risk/allow [DefaultWebClient]\r\nOriginal Stack Trace:\n\tat org.springframework.web.reactive.function.client.ExchangeFunctions$DefaultExchangeFunction.lambda$wrapException$9(ExchangeFunctions.java:136) ~[spring-webflux-6.1.13.jar:6.1.13]\n\tat reactor.core.publisher.MonoErrorSupplied.subscribe(MonoErrorSupplied.java:55) ~[reactor-core-3.6.10.jar:3.6.10]\n\tat reactor.core.publisher.Mono.subscribe(Mono.java:4576) ~[reactor-core-3.6.10.jar:3.6.10]\n\tat reactor.core.publisher.FluxOnErrorResume$ResumeSubscriber.onError(FluxOnErrorResume.java:103) ~[reactor-core-3.6.10.jar:3.6.10]\n\tat reactor.core.publisher.FluxPeek$PeekSubscriber.onError(FluxPeek.java:222) ~[reactor-core-3.6.10.jar:3.6.10]\n\tat reactor.core.publisher.FluxPeek$PeekSubscriber.onError(FluxPeek.java:222) ~[reactor-core-3.6.10.jar:3.6.10]\n\tat reactor.core.publisher.FluxPeek$PeekSubscriber.onError(FluxPeek.java:222) ~[reactor-core-3.6.10.jar:3.6.10]\n\tat reactor.core.publisher.MonoNext$NextSubscriber.onError(MonoNext.java:93) ~[reactor-core-3.6.10.jar:3.6.10]\n\tat reactor.core.publisher.MonoFlatMapMany$FlatMapManyMain.onError(MonoFlatMapMany.java:205) ~[reactor-core-3.6.10.jar:3.6.10]\n\tat reactor.core.publisher.SerializedSubscriber.onError(SerializedSubscriber.java:124) ~[reactor-core-3.6.10.jar:3.6.10]\n\tat reactor.core.publisher.FluxRetryWhen$RetryWhenMainSubscriber.whenError(FluxRetryWhen.java:229) ~[reactor-core-3.6.10.jar:3.6.10]\n\tat reactor.core.publisher.FluxRetryWhen$RetryWhenOtherSubscriber.onError(FluxRetryWhen.java:279) ~[reactor-core-3.6.10.jar:3.6.10]\n\tat reactor.core.publisher.FluxContextWrite$ContextWriteSubscriber.onError(FluxContextWrite.java:121) ~[reactor-core-3.6.10.jar:3.6.10]\n\tat reactor.core.publisher.FluxConcatMapNoPrefetch$FluxConcatMapNoPrefetchSubscriber.maybeOnError(FluxConcatMapNoPrefetch.java:327) ~[reactor-core-3.6.10.jar:3.6.10]\n\tat reactor.core.publisher.FluxConcatMapNoPrefetch$FluxConcatMapNoPrefetchSubscriber.onNext(FluxConcatMapNoPrefetch.java:212) ~[reactor-core-3.6.10.jar:3.6.10]\n\tat reactor.core.publisher.FluxContextWrite$ContextWriteSubscriber.onNext(FluxContextWrite.java:107) ~[reactor-core-3.6.10.jar:3.6.10]\n\tat reactor.core.publisher.SinkManyEmitterProcessor.drain(SinkManyEmitterProcessor.java:476) ~[reactor-core-3.6.10.jar:3.6.10]\n\tat reactor.core.publisher.SinkManyEmitterProcessor$EmitterInner.drainParent(SinkManyEmitterProcessor.java:620) ~[reactor-core-3.6.10.jar:3.6.10]\n\tat reactor.core.publisher.FluxPublish$PubSubInner.request(FluxPublish.java:874) ~[reactor-core-3.6.10.jar:3.6.10]\n\tat reactor.core.publisher.FluxContextWrite$ContextWriteSubscriber.request(FluxContextWrite.java:136) ~[reactor-core-3.6.10.jar:3.6.10]\n\tat reactor.core.publisher.FluxConcatMapNoPrefetch$FluxConcatMapNoPrefetchSubscriber.request(FluxConcatMapNoPrefetch.java:337) ~[reactor-core-3.6.10.jar:3.6.10]\n\tat reactor.core.publisher.FluxContextWrite$ContextWriteSubscriber.request(FluxContextWrite.java:136) ~[reactor-core-3.6.10.jar:3.6.10]\n\tat reactor.core.publisher.Operators$DeferredSubscription.request(Operators.java:1743) ~[reactor-core-3.6.10.jar:3.6.10]\n\tat reactor.core.publisher.FluxRetryWhen$RetryWhenMainSubscriber.onError(FluxRetryWhen.java:196) ~[reactor-core-3.6.10.jar:3.6.10]\n\tat reactor.core.publisher.MonoCreate$DefaultMonoSink.error(MonoCreate.java:205) ~[reactor-core-3.6.10.jar:3.6.10]\n\tat reactor.netty.http.client.HttpClientConnect$MonoHttpConnect$ClientTransportSubscriber.onError(HttpClientConnect.java:311) ~[reactor-netty-http-1.1.22.jar:1.1.22]\n\tat reactor.core.publisher.MonoCreate$DefaultMonoSink.error(MonoCreate.java:205) ~[reactor-core-3.6.10.jar:3.6.10]\n\tat reactor.netty.resources.DefaultPooledConnectionProvider$DisposableAcquire.onError(DefaultPooledConnectionProvider.java:172) ~[reactor-netty-core-1.1.22.jar:1.1.22]\n\tat reactor.netty.internal.shaded.reactor.pool.AbstractPool$Borrower.fail(AbstractPool.java:480) ~[reactor-netty-core-1.1.22.jar:1.1.22]\n\tat reactor.netty.internal.shaded.reactor.pool.SimpleDequePool.lambda$drainLoop$9(SimpleDequePool.java:436) ~[reactor-netty-core-1.1.22.jar:1.1.22]\n\tat reactor.core.publisher.FluxDoOnEach$DoOnEachSubscriber.onError(FluxDoOnEach.java:186) ~[reactor-core-3.6.10.jar:3.6.10]\n\tat reactor.core.publisher.MonoCreate$DefaultMonoSink.error(MonoCreate.java:205) ~[reactor-core-3.6.10.jar:3.6.10]\n\tat reactor.netty.resources.DefaultPooledConnectionProvider$PooledConnectionAllocator$PooledConnectionInitializer.onError(DefaultPooledConnectionProvider.java:583) ~[reactor-netty-core-1.1.22.jar:1.1.22]\n\tat reactor.core.publisher.MonoFlatMap$FlatMapMain.secondError(MonoFlatMap.java:241) ~[reactor-core-3.6.10.jar:3.6.10]\n\tat reactor.core.publisher.MonoFlatMap$FlatMapInner.onError(MonoFlatMap.java:315) ~[reactor-core-3.6.10.jar:3.6.10]\n\tat reactor.core.publisher.FluxOnErrorResume$ResumeSubscriber.onError(FluxOnErrorResume.java:106) ~[reactor-core-3.6.10.jar:3.6.10]\n\tat reactor.core.publisher.Operators.error(Operators.java:198) ~[reactor-core-3.6.10.jar:3.6.10]\n\tat reactor.core.publisher.MonoError.subscribe(MonoError.java:53) ~[reactor-core-3.6.10.jar:3.6.10]\n\tat reactor.core.publisher.Mono.subscribe(Mono.java:4576) ~[reactor-core-3.6.10.jar:3.6.10]\n\tat reactor.core.publisher.FluxOnErrorResume$ResumeSubscriber.onError(FluxOnErrorResume.java:103) ~[reactor-core-3.6.10.jar:3.6.10]\n\tat reactor.netty.transport.TransportConnector$MonoChannelPromise.tryFailure(TransportConnector.java:576) ~[reactor-netty-core-1.1.22.jar:1.1.22]\n\tat reactor.netty.transport.TransportConnector$MonoChannelPromise.setFailure(TransportConnector.java:522) ~[reactor-netty-core-1.1.22.jar:1.1.22]\n\tat reactor.netty.transport.TransportConnector.lambda$doConnect$7(TransportConnector.java:261) ~[reactor-netty-core-1.1.22.jar:1.1.22]\n\tat io.netty.util.concurrent.DefaultPromise.notifyListener0(DefaultPromise.java:590) [netty-common-4.1.113.Final.jar:4.1.113.Final]\n\tat io.netty.util.concurrent.DefaultPromise.notifyListeners0(DefaultPromise.java:583) [netty-common-4.1.113.Final.jar:4.1.113.Final]\n\tat io.netty.util.concurrent.DefaultPromise.notifyListenersNow(DefaultPromise.java:559) [netty-common-4.1.113.Final.jar:4.1.113.Final]\n\tat io.netty.util.concurrent.DefaultPromise.notifyListeners(DefaultPromise.java:492) [netty-common-4.1.113.Final.jar:4.1.113.Final]\n\tat io.netty.util.concurrent.DefaultPromise.setValue0(DefaultPromise.java:636) [netty-common-4.1.113.Final.jar:4.1.113.Final]\n\tat io.netty.util.concurrent.DefaultPromise.setFailure0(DefaultPromise.java:629) [netty-common-4.1.113.Final.jar:4.1.113.Final]\n\tat io.netty.util.concurrent.DefaultPromise.tryFailure(DefaultPromise.java:118) [netty-common-4.1.113.Final.jar:4.1.113.Final]\n\tat io.netty.channel.nio.AbstractNioChannel$AbstractNioUnsafe.fulfillConnectPromise(AbstractNioChannel.java:326) [netty-transport-4.1.113.Final.jar:4.1.113.Final]\n\tat io.netty.channel.nio.AbstractNioChannel$AbstractNioUnsafe.finishConnect(AbstractNioChannel.java:342) [netty-transport-4.1.113.Final.jar:4.1.113.Final]\n\tat io.netty.channel.nio.NioEventLoop.processSelectedKey(NioEventLoop.java:776) [netty-transport-4.1.113.Final.jar:4.1.113.Final]\n\tat io.netty.channel.nio.NioEventLoop.processSelectedKeysOptimized(NioEventLoop.java:724) [netty-transport-4.1.113.Final.jar:4.1.113.Final]\n\tat io.netty.channel.nio.NioEventLoop.processSelectedKeys(NioEventLoop.java:650) [netty-transport-4.1.113.Final.jar:4.1.113.Final]\n\tat io.netty.channel.nio.NioEventLoop.run(NioEventLoop.java:562) [netty-transport-4.1.113.Final.jar:4.1.113.Final]\n\tat io.netty.util.concurrent.SingleThreadEventExecutor$4.run(SingleThreadEventExecutor.java:997) [netty-common-4.1.113.Final.jar:4.1.113.Final]\n\tat io.netty.util.internal.ThreadExecutorMap$2.run(ThreadExecutorMap.java:74) [netty-common-4.1.113.Final.jar:4.1.113.Final]\n\tat io.netty.util.concurrent.FastThreadLocalRunnable.run(FastThreadLocalRunnable.java:30) [netty-common-4.1.113.Final.jar:4.1.113.Final]\n\tat java.base/java.lang.Thread.run(Thread.java:842) [?:?]\n"}],"extendedStackTrace":"org.springframework.web.reactive.function.client.WebClientRequestException: Connection refused: no further information: localhost/127.0.0.1:8084\n\tat org.springframework.web.reactive.function.client.ExchangeFunctions$DefaultExchangeFunction.lambda$wrapException$9(ExchangeFunctions.java:136) ~[spring-webflux-6.1.13.jar:6.1.13]\n\tSuppressed: reactor.core.publisher.FluxOnAssembly$OnAssemblyException: \r\nError has been observed at the following site(s):\r\n\t*__checkpoint â‡¢ Request to GET http://localhost:8084/mock/risk/allow [DefaultWebClient]\r\nOriginal Stack Trace:\n\t\tat org.springframework.web.reactive.function.client.ExchangeFunctions$DefaultExchangeFunction.lambda$wrapException$9(ExchangeFunctions.java:136) ~[spring-webflux-6.1.13.jar:6.1.13]\n\t\tat reactor.core.publisher.MonoErrorSupplied.subscribe(MonoErrorSupplied.java:55) ~[reactor-core-3.6.10.jar:3.6.10]\n\t\tat reactor.core.publisher.Mono.subscribe(Mono.java:4576) ~[reactor-core-3.6.10.jar:3.6.10]\n\t\tat reactor.core.publisher.FluxOnErrorResume$ResumeSubscriber.onError(FluxOnErrorResume.java:103) ~[reactor-core-3.6.10.jar:3.6.10]\n\t\tat reactor.core.publisher.FluxPeek$PeekSubscriber.onError(FluxPeek.java:222) ~[reactor-core-3.6.10.jar:3.6.10]\n\t\tat reactor.core.publisher.FluxPeek$PeekSubscriber.onError(FluxPeek.java:222) ~[reactor-core-3.6.10.jar:3.6.10]\n\t\tat reactor.core.publisher.FluxPeek$PeekSubscriber.onError(FluxPeek.java:222) ~[reactor-core-3.6.10.jar:3.6.10]\n\t\tat reactor.core.publisher.MonoNext$NextSubscriber.onError(MonoNext.java:93) ~[reactor-core-3.6.10.jar:3.6.10]\n\t\tat reactor.core.publisher.MonoFlatMapMany$FlatMapManyMain.onError(MonoFlatMapMany.java:205) ~[reactor-core-3.6.10.jar:3.6.10]\n\t\tat reactor.core.publisher.SerializedSubscriber.onError(SerializedSubscriber.java:124) ~[reactor-core-3.6.10.jar:3.6.10]\n\t\tat reactor.core.publisher.FluxRetryWhen$RetryWhenMainSubscriber.whenError(FluxRetryWhen.java:229) ~[reactor-core-3.6.10.jar:3.6.10]\n\t\tat reactor.core.publisher.FluxRetryWhen$RetryWhenOtherSubscriber.onError(FluxRetryWhen.java:279) ~[reactor-core-3.6.10.jar:3.6.10]\n\t\tat reactor.core.publisher.FluxContextWrite$ContextWriteSubscriber.onError(FluxContextWrite.java:121) ~[reactor-core-3.6.10.jar:3.6.10]\n\t\tat reactor.core.publisher.FluxConcatMapNoPrefetch$FluxConcatMapNoPrefetchSubscriber.maybeOnError(FluxConcatMapNoPrefetch.java:327) ~[reactor-core-3.6.10.jar:3.6.10]\n\t\tat reactor.core.publisher.FluxConcatMapNoPrefetch$FluxConcatMapNoPrefetchSubscriber.onNext(FluxConcatMapNoPrefetch.java:212) ~[reactor-core-3.6.10.jar:3.6.10]\n\t\tat reactor.core.publisher.FluxContextWrite$ContextWriteSubscriber.onNext(FluxContextWrite.java:107) ~[reactor-core-3.6.10.jar:3.6.10]\n\t\tat reactor.core.publisher.SinkManyEmitterProcessor.drain(SinkManyEmitterProcessor.java:476) ~[reactor-core-3.6.10.jar:3.6.10]\n\t\tat reactor.core.publisher.SinkManyEmitterProcessor$EmitterInner.drainParent(SinkManyEmitterProcessor.java:620) ~[reactor-core-3.6.10.jar:3.6.10]\n\t\tat reactor.core.publisher.FluxPublish$PubSubInner.request(FluxPublish.java:874) ~[reactor-core-3.6.10.jar:3.6.10]\n\t\tat reactor.core.publisher.FluxContextWrite$ContextWriteSubscriber.request(FluxContextWrite.java:136) ~[reactor-core-3.6.10.jar:3.6.10]\n\t\tat reactor.core.publisher.FluxConcatMapNoPrefetch$FluxConcatMapNoPrefetchSubscriber.request(FluxConcatMapNoPrefetch.java:337) ~[reactor-core-3.6.10.jar:3.6.10]\n\t\tat reactor.core.publisher.FluxContextWrite$ContextWriteSubscriber.request(FluxContextWrite.java:136) ~[reactor-core-3.6.10.jar:3.6.10]\n\t\tat reactor.core.publisher.Operators$DeferredSubscription.request(Operators.java:1743) ~[reactor-core-3.6.10.jar:3.6.10]\n\t\tat reactor.core.publisher.FluxRetryWhen$RetryWhenMainSubscriber.onError(FluxRetryWhen.java:196) ~[reactor-core-3.6.10.jar:3.6.10]\n\t\tat reactor.core.publisher.MonoCreate$DefaultMonoSink.error(MonoCreate.java:205) ~[reactor-core-3.6.10.jar:3.6.10]\n\t\tat reactor.netty.http.client.HttpClientConnect$MonoHttpConnect$ClientTransportSubscriber.onError(HttpClientConnect.java:311) ~[reactor-netty-http-1.1.22.jar:1.1.22]\n\t\tat reactor.core.publisher.MonoCreate$DefaultMonoSink.error(MonoCreate.java:205) ~[reactor-core-3.6.10.jar:3.6.10]\n\t\tat reactor.netty.resources.DefaultPooledConnectionProvider$DisposableAcquire.onError(DefaultPooledConnectionProvider.java:172) ~[reactor-netty-core-1.1.22.jar:1.1.22]\n\t\tat reactor.netty.internal.shaded.reactor.pool.AbstractPool$Borrower.fail(AbstractPool.java:480) ~[reactor-netty-core-1.1.22.jar:1.1.22]\n\t\tat reactor.netty.internal.shaded.reactor.pool.SimpleDequePool.lambda$drainLoop$9(SimpleDequePool.java:436) ~[reactor-netty-core-1.1.22.jar:1.1.22]\n\t\tat reactor.core.publisher.FluxDoOnEach$DoOnEachSubscriber.onError(FluxDoOnEach.java:186) ~[reactor-core-3.6.10.jar:3.6.10]\n\t\tat reactor.core.publisher.MonoCreate$DefaultMonoSink.error(MonoCreate.java:205) ~[reactor-core-3.6.10.jar:3.6.10]\n\t\tat reactor.netty.resources.DefaultPooledConnectionProvider$PooledConnectionAllocator$PooledConnectionInitializer.onError(DefaultPooledConnectionProvider.java:583) ~[reactor-netty-core-1.1.22.jar:1.1.22]\n\t\tat reactor.core.publisher.MonoFlatMap$FlatMapMain.secondError(MonoFlatMap.java:241) ~[reactor-core-3.6.10.jar:3.6.10]\n\t\tat reactor.core.publisher.MonoFlatMap$FlatMapInner.onError(MonoFlatMap.java:315) ~[reactor-core-3.6.10.jar:3.6.10]\n\t\tat reactor.core.publisher.FluxOnErrorResume$ResumeSubscriber.onError(FluxOnErrorResume.java:106) ~[reactor-core-3.6.10.jar:3.6.10]\n\t\tat reactor.core.publisher.Operators.error(Operators.java:198) ~[reactor-core-3.6.10.jar:3.6.10]\n\t\tat reactor.core.publisher.MonoError.subscribe(MonoError.java:53) ~[reactor-core-3.6.10.jar:3.6.10]\n\t\tat reactor.core.publisher.Mono.subscribe(Mono.java:4576) ~[reactor-core-3.6.10.jar:3.6.10]\n\t\tat reactor.core.publisher.FluxOnErrorResume$ResumeSubscriber.onError(FluxOnErrorResume.java:103) ~[reactor-core-3.6.10.jar:3.6.10]\n\t\tat reactor.netty.transport.TransportConnector$MonoChannelPromise.tryFailure(TransportConnector.java:576) ~[reactor-netty-core-1.1.22.jar:1.1.22]\n\t\tat reactor.netty.transport.TransportConnector$MonoChannelPromise.setFailure(TransportConnector.java:522) ~[reactor-netty-core-1.1.22.jar:1.1.22]\n\t\tat reactor.netty.transport.TransportConnector.lambda$doConnect$7(TransportConnector.java:261) ~[reactor-netty-core-1.1.22.jar:1.1.22]\n\t\tat io.netty.util.concurrent.DefaultPromise.notifyListener0(DefaultPromise.java:590) [netty-common-4.1.113.Final.jar:4.1.113.Final]\n\t\tat io.netty.util.concurrent.DefaultPromise.notifyListeners0(DefaultPromise.java:583) [netty-common-4.1.113.Final.jar:4.1.113.Final]\n\t\tat io.netty.util.concurrent.DefaultPromise.notifyListenersNow(DefaultPromise.java:559) [netty-common-4.1.113.Final.jar:4.1.113.Final]\n\t\tat io.netty.util.concurrent.DefaultPromise.notifyListeners(DefaultPromise.java:492) [netty-common-4.1.113.Final.jar:4.1.113.Final]\n\t\tat io.netty.util.concurrent.DefaultPromise.setValue0(DefaultPromise.java:636) [netty-common-4.1.113.Final.jar:4.1.113.Final]\n\t\tat io.netty.util.concurrent.DefaultPromise.setFailure0(DefaultPromise.java:629) [netty-common-4.1.113.Final.jar:4.1.113.Final]\n\t\tat io.netty.util.concurrent.DefaultPromise.tryFailure(DefaultPromise.java:118) [netty-common-4.1.113.Final.jar:4.1.113.Final]\n\t\tat io.netty.channel.nio.AbstractNioChannel$AbstractNioUnsafe.fulfillConnectPromise(AbstractNioChannel.java:326) [netty-transport-4.1.113.Final.jar:4.1.113.Final]\n\t\tat io.netty.channel.nio.AbstractNioChannel$AbstractNioUnsafe.finishConnect(AbstractNioChannel.java:342) [netty-transport-4.1.113.Final.jar:4.1.113.Final]\n\t\tat io.netty.channel.nio.NioEventLoop.processSelectedKey(NioEventLoop.java:776) [netty-transport-4.1.113.Final.jar:4.1.113.Final]\n\t\tat io.netty.channel.nio.NioEventLoop.processSelectedKeysOptimized(NioEventLoop.java:724) [netty-transport-4.1.113.Final.jar:4.1.113.Final]\n\t\tat io.netty.channel.nio.NioEventLoop.processSelectedKeys(NioEventLoop.java:650) [netty-transport-4.1.113.Final.jar:4.1.113.Final]\n\t\tat io.netty.channel.nio.NioEventLoop.run(NioEventLoop.java:562) [netty-transport-4.1.113.Final.jar:4.1.113.Final]\n\t\tat io.netty.util.concurrent.SingleThreadEventExecutor$4.run(SingleThreadEventExecutor.java:997) [netty-common-4.1.113.Final.jar:4.1.113.Final]\n\t\tat io.netty.util.internal.ThreadExecutorMap$2.run(ThreadExecutorMap.java:74) [netty-common-4.1.113.Final.jar:4.1.113.Final]\n\t\tat io.netty.util.concurrent.FastThreadLocalRunnable.run(FastThreadLocalRunnable.java:30) [netty-common-4.1.113.Final.jar:4.1.113.Final]\n\t\tat java.base/java.lang.Thread.run(Thread.java:842) [?:?]\nCaused by: io.netty.channel.AbstractChannel$AnnotatedConnectException: Connection refused: no further information: localhost/127.0.0.1:8084\nCaused by: java.net.ConnectException: Connection refused: no further information\n\tat java.base/sun.nio.ch.Net.pollConnect(Native Method) ~[?:?]\n\tat java.base/sun.nio.ch.Net.pollConnectNow(Net.java:672) ~[?:?]\n\tat java.base/sun.nio.ch.SocketChannelImpl.finishConnect(SocketChannelImpl.java:946) ~[?:?]\n\tat io.netty.channel.socket.nio.NioSocketChannel.doFinishConnect(NioSocketChannel.java:336) ~[netty-transport-4.1.113.Final.jar:4.1.113.Final]\n\tat io.netty.channel.nio.AbstractNioChannel$AbstractNioUnsafe.finishConnect(AbstractNioChannel.java:339) [netty-transport-4.1.113.Final.jar:4.1.113.Final]\n\tat io.netty.channel.nio.NioEventLoop.processSelectedKey(NioEventLoop.java:776) [netty-transport-4.1.113.Final.jar:4.1.113.Final]\n\tat io.netty.channel.nio.NioEventLoop.processSelectedKeysOptimized(NioEventLoop.java:724) [netty-transport-4.1.113.Final.jar:4.1.113.Final]\n\tat io.netty.channel.nio.NioEventLoop.processSelectedKeys(NioEventLoop.java:650) [netty-transport-4.1.113.Final.jar:4.1.113.Final]\n\tat io.netty.channel.nio.NioEventLoop.run(NioEventLoop.java:562) [netty-transport-4.1.113.Final.jar:4.1.113.Final]\n\tat io.netty.util.concurrent.SingleThreadEventExecutor$4.run(SingleThreadEventExecutor.java:997) [netty-common-4.1.113.Final.jar:4.1.113.Final]\n\tat io.netty.util.internal.ThreadExecutorMap$2.run(ThreadExecutorMap.java:74) [netty-common-4.1.113.Final.jar:4.1.113.Final]\n\tat io.netty.util.concurrent.FastThreadLocalRunnable.run(FastThreadLocalRunnable.java:30) [netty-common-4.1.113.Final.jar:4.1.113.Final]\n\tat java.base/java.lang.Thread.run(Thread.java:842) [?:?]\n"},"endOfBatch":false,"loggerFqcn":"org.apache.logging.log4j.spi.AbstractLogger","contextMap":{},"threadId":50,"threadPriority":10,"app":"bankx-transactions","env":"dev"}
{"timeMillis":1769004516867,"thread":"boundedElastic-1","level":"DEBUG","loggerName":"org.hibernate.SQL","message":"select rr1_0.id,rr1_0.currency,rr1_0.max_debit_per_tx from risk_rules rr1_0 where rr1_0.currency=? fetch first ? rows only","endOfBatch":false,"loggerFqcn":"org.jboss.logging.Logger","contextMap":{},"threadId":74,"threadPriority":10,"app":"bankx-transactions","env":"dev"}
Hibernate: select rr1_0.id,rr1_0.currency,rr1_0.max_debit_per_tx from risk_rules rr1_0 where rr1_0.currency=? fetch first ? rows only
{"timeMillis":1769004516879,"thread":"nioEventLoopGroup-3-4","level":"DEBUG","loggerName":"com.bankx.service.TransactionService","message":"sse_emit accountId=6970dde3b0144667d08f7a71 txId=6970dde4b0144667d08f7a73 type=DEBIT amount=100","endOfBatch":false,"loggerFqcn":"org.apache.logging.log4j.spi.AbstractLogger","contextMap":{},"threadId":46,"threadPriority":10,"app":"bankx-transactions","env":"dev"}
{"timeMillis":1769004516879,"thread":"nioEventLoopGroup-3-4","level":"INFO","loggerName":"com.bankx.service.TransactionService","message":"create_tx_ok account=001-0001 type=DEBIT amount=100 id=6970dde4b0144667d08f7a73","endOfBatch":false,"loggerFqcn":"org.apache.logging.log4j.spi.AbstractLogger","contextMap":{},"threadId":46,"threadPriority":10,"app":"bankx-transactions","env":"dev"}
]]></system-out>
  </testcase>
  <testcase name="createTransaction_riskRejected" classname="com.bankx.api.TransactionControllerTest" time="0.037">
    <system-out><![CDATA[{"timeMillis":1769004516954,"thread":"main","level":"DEBUG","loggerName":"org.hibernate.SQL","message":"select rr1_0.id,rr1_0.currency,rr1_0.max_debit_per_tx from risk_rules rr1_0 where rr1_0.currency=? fetch first ? rows only","endOfBatch":false,"loggerFqcn":"org.jboss.logging.Logger","contextMap":{},"threadId":1,"threadPriority":5,"app":"bankx-transactions","env":"dev"}
Hibernate: select rr1_0.id,rr1_0.currency,rr1_0.max_debit_per_tx from risk_rules rr1_0 where rr1_0.currency=? fetch first ? rows only
{"timeMillis":1769004516955,"thread":"main","level":"DEBUG","loggerName":"org.hibernate.SQL","message":"select rr1_0.id,rr1_0.currency,rr1_0.max_debit_per_tx from risk_rules rr1_0 where rr1_0.id=?","endOfBatch":false,"loggerFqcn":"org.jboss.logging.Logger","contextMap":{},"threadId":1,"threadPriority":5,"app":"bankx-transactions","env":"dev"}
Hibernate: select rr1_0.id,rr1_0.currency,rr1_0.max_debit_per_tx from risk_rules rr1_0 where rr1_0.id=?
{"timeMillis":1769004516966,"thread":"main","level":"DEBUG","loggerName":"org.hibernate.SQL","message":"select rr1_0.id,rr1_0.currency,rr1_0.max_debit_per_tx from risk_rules rr1_0 where rr1_0.currency=? fetch first ? rows only","endOfBatch":false,"loggerFqcn":"org.jboss.logging.Logger","contextMap":{},"threadId":1,"threadPriority":5,"app":"bankx-transactions","env":"dev"}
Hibernate: select rr1_0.id,rr1_0.currency,rr1_0.max_debit_per_tx from risk_rules rr1_0 where rr1_0.currency=? fetch first ? rows only
{"timeMillis":1769004516968,"thread":"main","level":"DEBUG","loggerName":"org.hibernate.SQL","message":"select rr1_0.id,rr1_0.currency,rr1_0.max_debit_per_tx from risk_rules rr1_0 where rr1_0.id=?","endOfBatch":false,"loggerFqcn":"org.jboss.logging.Logger","contextMap":{},"threadId":1,"threadPriority":5,"app":"bankx-transactions","env":"dev"}
Hibernate: select rr1_0.id,rr1_0.currency,rr1_0.max_debit_per_tx from risk_rules rr1_0 where rr1_0.id=?
{"timeMillis":1769004516968,"thread":"main","level":"DEBUG","loggerName":"org.hibernate.SQL","message":"update risk_rules set currency=?,max_debit_per_tx=? where id=?","endOfBatch":false,"loggerFqcn":"org.jboss.logging.Logger","contextMap":{},"threadId":1,"threadPriority":5,"app":"bankx-transactions","env":"dev"}
Hibernate: update risk_rules set currency=?,max_debit_per_tx=? where id=?
{"timeMillis":1769004516971,"thread":"parallel-4","level":"DEBUG","loggerName":"com.bankx.service.TransactionService","message":"create_tx_start account=001-0001 type=DEBIT amount=2000","endOfBatch":false,"loggerFqcn":"org.apache.logging.log4j.spi.AbstractLogger","contextMap":{"corrId":"6b6ef323-8cad-4bed-a60d-545d8e2eb76b"},"threadId":76,"threadPriority":5,"app":"bankx-transactions","env":"dev"}
{"timeMillis":1769004516974,"thread":"nioEventLoopGroup-3-4","level":"DEBUG","loggerName":"com.bankx.risk.RiskRemoteClient","message":"risk_remote_call currency=PEN type=DEBIT amount=2000 fail=false delayMs=0","endOfBatch":false,"loggerFqcn":"org.apache.logging.log4j.spi.AbstractLogger","contextMap":{},"threadId":46,"threadPriority":10,"app":"bankx-transactions","env":"dev"}
{"timeMillis":1769004516976,"thread":"reactor-http-nio-3","level":"WARN","loggerName":"com.bankx.risk.RiskRemoteClient","message":"risk_remote_fallback reason=org.springframework.web.reactive.function.client.WebClientRequestException: Connection refused: no further information: localhost/127.0.0.1:8084","thrown":{"commonElementCount":0,"localizedMessage":"Connection refused: no further information: localhost/127.0.0.1:8084","message":"Connection refused: no further information: localhost/127.0.0.1:8084","name":"org.springframework.web.reactive.function.client.WebClientRequestException","cause":{"commonElementCount":0,"localizedMessage":"Connection refused: no further information: localhost/127.0.0.1:8084","message":"Connection refused: no further information: localhost/127.0.0.1:8084","name":"io.netty.channel.AbstractChannel$AnnotatedConnectException","cause":{"commonElementCount":0,"localizedMessage":"Connection refused: no further information","message":"Connection refused: no further information","name":"java.net.ConnectException","extendedStackTrace":"java.net.ConnectException: Connection refused: no further information\n\tat java.base/sun.nio.ch.Net.pollConnect(Native Method) ~[?:?]\n\tat java.base/sun.nio.ch.Net.pollConnectNow(Net.java:672) ~[?:?]\n\tat java.base/sun.nio.ch.SocketChannelImpl.finishConnect(SocketChannelImpl.java:946) ~[?:?]\n\tat io.netty.channel.socket.nio.NioSocketChannel.doFinishConnect(NioSocketChannel.java:336) ~[netty-transport-4.1.113.Final.jar:4.1.113.Final]\n\tat io.netty.channel.nio.AbstractNioChannel$AbstractNioUnsafe.finishConnect(AbstractNioChannel.java:339) [netty-transport-4.1.113.Final.jar:4.1.113.Final]\n\tat io.netty.channel.nio.NioEventLoop.processSelectedKey(NioEventLoop.java:776) [netty-transport-4.1.113.Final.jar:4.1.113.Final]\n\tat io.netty.channel.nio.NioEventLoop.processSelectedKeysOptimized(NioEventLoop.java:724) [netty-transport-4.1.113.Final.jar:4.1.113.Final]\n\tat io.netty.channel.nio.NioEventLoop.processSelectedKeys(NioEventLoop.java:650) [netty-transport-4.1.113.Final.jar:4.1.113.Final]\n\tat io.netty.channel.nio.NioEventLoop.run(NioEventLoop.java:562) [netty-transport-4.1.113.Final.jar:4.1.113.Final]\n\tat io.netty.util.concurrent.SingleThreadEventExecutor$4.run(SingleThreadEventExecutor.java:997) [netty-common-4.1.113.Final.jar:4.1.113.Final]\n\tat io.netty.util.internal.ThreadExecutorMap$2.run(ThreadExecutorMap.java:74) [netty-common-4.1.113.Final.jar:4.1.113.Final]\n\tat io.netty.util.concurrent.FastThreadLocalRunnable.run(FastThreadLocalRunnable.java:30) [netty-common-4.1.113.Final.jar:4.1.113.Final]\n\tat java.base/java.lang.Thread.run(Thread.java:842) [?:?]\n"},"extendedStackTrace":"io.netty.channel.AbstractChannel$AnnotatedConnectException: Connection refused: no further information: localhost/127.0.0.1:8084\nCaused by: java.net.ConnectException: Connection refused: no further information\n\tat java.base/sun.nio.ch.Net.pollConnect(Native Method) ~[?:?]\n\tat java.base/sun.nio.ch.Net.pollConnectNow(Net.java:672) ~[?:?]\n\tat java.base/sun.nio.ch.SocketChannelImpl.finishConnect(SocketChannelImpl.java:946) ~[?:?]\n\tat io.netty.channel.socket.nio.NioSocketChannel.doFinishConnect(NioSocketChannel.java:336) ~[netty-transport-4.1.113.Final.jar:4.1.113.Final]\n\tat io.netty.channel.nio.AbstractNioChannel$AbstractNioUnsafe.finishConnect(AbstractNioChannel.java:339) [netty-transport-4.1.113.Final.jar:4.1.113.Final]\n\tat io.netty.channel.nio.NioEventLoop.processSelectedKey(NioEventLoop.java:776) [netty-transport-4.1.113.Final.jar:4.1.113.Final]\n\tat io.netty.channel.nio.NioEventLoop.processSelectedKeysOptimized(NioEventLoop.java:724) [netty-transport-4.1.113.Final.jar:4.1.113.Final]\n\tat io.netty.channel.nio.NioEventLoop.processSelectedKeys(NioEventLoop.java:650) [netty-transport-4.1.113.Final.jar:4.1.113.Final]\n\tat io.netty.channel.nio.NioEventLoop.run(NioEventLoop.java:562) [netty-transport-4.1.113.Final.jar:4.1.113.Final]\n\tat io.netty.util.concurrent.SingleThreadEventExecutor$4.run(SingleThreadEventExecutor.java:997) [netty-common-4.1.113.Final.jar:4.1.113.Final]\n\tat io.netty.util.internal.ThreadExecutorMap$2.run(ThreadExecutorMap.java:74) [netty-common-4.1.113.Final.jar:4.1.113.Final]\n\tat io.netty.util.concurrent.FastThreadLocalRunnable.run(FastThreadLocalRunnable.java:30) [netty-common-4.1.113.Final.jar:4.1.113.Final]\n\tat java.base/java.lang.Thread.run(Thread.java:842) [?:?]\n"},"suppressed":[{"commonElementCount":0,"localizedMessage":"\r\nError has been observed at the following site(s):\r\n\t*__checkpoint â‡¢ Request to GET http://localhost:8084/mock/risk/allow [DefaultWebClient]\r\nOriginal Stack Trace:","message":"\r\nError has been observed at the following site(s):\r\n\t*__checkpoint â‡¢ Request to GET http://localhost:8084/mock/risk/allow [DefaultWebClient]\r\nOriginal Stack Trace:","name":"reactor.core.publisher.FluxOnAssembly$OnAssemblyException","extendedStackTrace":"reactor.core.publisher.FluxOnAssembly$OnAssemblyException: \r\nError has been observed at the following site(s):\r\n\t*__checkpoint â‡¢ Request to GET http://localhost:8084/mock/risk/allow [DefaultWebClient]\r\nOriginal Stack Trace:\n\tat org.springframework.web.reactive.function.client.ExchangeFunctions$DefaultExchangeFunction.lambda$wrapException$9(ExchangeFunctions.java:136) ~[spring-webflux-6.1.13.jar:6.1.13]\n\tat reactor.core.publisher.MonoErrorSupplied.subscribe(MonoErrorSupplied.java:55) ~[reactor-core-3.6.10.jar:3.6.10]\n\tat reactor.core.publisher.Mono.subscribe(Mono.java:4576) ~[reactor-core-3.6.10.jar:3.6.10]\n\tat reactor.core.publisher.FluxOnErrorResume$ResumeSubscriber.onError(FluxOnErrorResume.java:103) ~[reactor-core-3.6.10.jar:3.6.10]\n\tat reactor.core.publisher.FluxPeek$PeekSubscriber.onError(FluxPeek.java:222) ~[reactor-core-3.6.10.jar:3.6.10]\n\tat reactor.core.publisher.FluxPeek$PeekSubscriber.onError(FluxPeek.java:222) ~[reactor-core-3.6.10.jar:3.6.10]\n\tat reactor.core.publisher.FluxPeek$PeekSubscriber.onError(FluxPeek.java:222) ~[reactor-core-3.6.10.jar:3.6.10]\n\tat reactor.core.publisher.MonoNext$NextSubscriber.onError(MonoNext.java:93) ~[reactor-core-3.6.10.jar:3.6.10]\n\tat reactor.core.publisher.MonoFlatMapMany$FlatMapManyMain.onError(MonoFlatMapMany.java:205) ~[reactor-core-3.6.10.jar:3.6.10]\n\tat reactor.core.publisher.SerializedSubscriber.onError(SerializedSubscriber.java:124) ~[reactor-core-3.6.10.jar:3.6.10]\n\tat reactor.core.publisher.FluxRetryWhen$RetryWhenMainSubscriber.whenError(FluxRetryWhen.java:229) ~[reactor-core-3.6.10.jar:3.6.10]\n\tat reactor.core.publisher.FluxRetryWhen$RetryWhenOtherSubscriber.onError(FluxRetryWhen.java:279) ~[reactor-core-3.6.10.jar:3.6.10]\n\tat reactor.core.publisher.FluxContextWrite$ContextWriteSubscriber.onError(FluxContextWrite.java:121) ~[reactor-core-3.6.10.jar:3.6.10]\n\tat reactor.core.publisher.FluxConcatMapNoPrefetch$FluxConcatMapNoPrefetchSubscriber.maybeOnError(FluxConcatMapNoPrefetch.java:327) ~[reactor-core-3.6.10.jar:3.6.10]\n\tat reactor.core.publisher.FluxConcatMapNoPrefetch$FluxConcatMapNoPrefetchSubscriber.onNext(FluxConcatMapNoPrefetch.java:212) ~[reactor-core-3.6.10.jar:3.6.10]\n\tat reactor.core.publisher.FluxContextWrite$ContextWriteSubscriber.onNext(FluxContextWrite.java:107) ~[reactor-core-3.6.10.jar:3.6.10]\n\tat reactor.core.publisher.SinkManyEmitterProcessor.drain(SinkManyEmitterProcessor.java:476) ~[reactor-core-3.6.10.jar:3.6.10]\n\tat reactor.core.publisher.SinkManyEmitterProcessor$EmitterInner.drainParent(SinkManyEmitterProcessor.java:620) ~[reactor-core-3.6.10.jar:3.6.10]\n\tat reactor.core.publisher.FluxPublish$PubSubInner.request(FluxPublish.java:874) ~[reactor-core-3.6.10.jar:3.6.10]\n\tat reactor.core.publisher.FluxContextWrite$ContextWriteSubscriber.request(FluxContextWrite.java:136) ~[reactor-core-3.6.10.jar:3.6.10]\n\tat reactor.core.publisher.FluxConcatMapNoPrefetch$FluxConcatMapNoPrefetchSubscriber.request(FluxConcatMapNoPrefetch.java:337) ~[reactor-core-3.6.10.jar:3.6.10]\n\tat reactor.core.publisher.FluxContextWrite$ContextWriteSubscriber.request(FluxContextWrite.java:136) ~[reactor-core-3.6.10.jar:3.6.10]\n\tat reactor.core.publisher.Operators$DeferredSubscription.request(Operators.java:1743) ~[reactor-core-3.6.10.jar:3.6.10]\n\tat reactor.core.publisher.FluxRetryWhen$RetryWhenMainSubscriber.onError(FluxRetryWhen.java:196) ~[reactor-core-3.6.10.jar:3.6.10]\n\tat reactor.core.publisher.MonoCreate$DefaultMonoSink.error(MonoCreate.java:205) ~[reactor-core-3.6.10.jar:3.6.10]\n\tat reactor.netty.http.client.HttpClientConnect$MonoHttpConnect$ClientTransportSubscriber.onError(HttpClientConnect.java:311) ~[reactor-netty-http-1.1.22.jar:1.1.22]\n\tat reactor.core.publisher.MonoCreate$DefaultMonoSink.error(MonoCreate.java:205) ~[reactor-core-3.6.10.jar:3.6.10]\n\tat reactor.netty.resources.DefaultPooledConnectionProvider$DisposableAcquire.onError(DefaultPooledConnectionProvider.java:172) ~[reactor-netty-core-1.1.22.jar:1.1.22]\n\tat reactor.netty.internal.shaded.reactor.pool.AbstractPool$Borrower.fail(AbstractPool.java:480) ~[reactor-netty-core-1.1.22.jar:1.1.22]\n\tat reactor.netty.internal.shaded.reactor.pool.SimpleDequePool.lambda$drainLoop$9(SimpleDequePool.java:436) ~[reactor-netty-core-1.1.22.jar:1.1.22]\n\tat reactor.core.publisher.FluxDoOnEach$DoOnEachSubscriber.onError(FluxDoOnEach.java:186) ~[reactor-core-3.6.10.jar:3.6.10]\n\tat reactor.core.publisher.MonoCreate$DefaultMonoSink.error(MonoCreate.java:205) ~[reactor-core-3.6.10.jar:3.6.10]\n\tat reactor.netty.resources.DefaultPooledConnectionProvider$PooledConnectionAllocator$PooledConnectionInitializer.onError(DefaultPooledConnectionProvider.java:583) ~[reactor-netty-core-1.1.22.jar:1.1.22]\n\tat reactor.core.publisher.MonoFlatMap$FlatMapMain.secondError(MonoFlatMap.java:241) ~[reactor-core-3.6.10.jar:3.6.10]\n\tat reactor.core.publisher.MonoFlatMap$FlatMapInner.onError(MonoFlatMap.java:315) ~[reactor-core-3.6.10.jar:3.6.10]\n\tat reactor.core.publisher.FluxOnErrorResume$ResumeSubscriber.onError(FluxOnErrorResume.java:106) ~[reactor-core-3.6.10.jar:3.6.10]\n\tat reactor.core.publisher.Operators.error(Operators.java:198) ~[reactor-core-3.6.10.jar:3.6.10]\n\tat reactor.core.publisher.MonoError.subscribe(MonoError.java:53) ~[reactor-core-3.6.10.jar:3.6.10]\n\tat reactor.core.publisher.Mono.subscribe(Mono.java:4576) ~[reactor-core-3.6.10.jar:3.6.10]\n\tat reactor.core.publisher.FluxOnErrorResume$ResumeSubscriber.onError(FluxOnErrorResume.java:103) ~[reactor-core-3.6.10.jar:3.6.10]\n\tat reactor.netty.transport.TransportConnector$MonoChannelPromise.tryFailure(TransportConnector.java:576) ~[reactor-netty-core-1.1.22.jar:1.1.22]\n\tat reactor.netty.transport.TransportConnector$MonoChannelPromise.setFailure(TransportConnector.java:522) ~[reactor-netty-core-1.1.22.jar:1.1.22]\n\tat reactor.netty.transport.TransportConnector.lambda$doConnect$7(TransportConnector.java:261) ~[reactor-netty-core-1.1.22.jar:1.1.22]\n\tat io.netty.util.concurrent.DefaultPromise.notifyListener0(DefaultPromise.java:590) [netty-common-4.1.113.Final.jar:4.1.113.Final]\n\tat io.netty.util.concurrent.DefaultPromise.notifyListeners0(DefaultPromise.java:583) [netty-common-4.1.113.Final.jar:4.1.113.Final]\n\tat io.netty.util.concurrent.DefaultPromise.notifyListenersNow(DefaultPromise.java:559) [netty-common-4.1.113.Final.jar:4.1.113.Final]\n\tat io.netty.util.concurrent.DefaultPromise.notifyListeners(DefaultPromise.java:492) [netty-common-4.1.113.Final.jar:4.1.113.Final]\n\tat io.netty.util.concurrent.DefaultPromise.setValue0(DefaultPromise.java:636) [netty-common-4.1.113.Final.jar:4.1.113.Final]\n\tat io.netty.util.concurrent.DefaultPromise.setFailure0(DefaultPromise.java:629) [netty-common-4.1.113.Final.jar:4.1.113.Final]\n\tat io.netty.util.concurrent.DefaultPromise.tryFailure(DefaultPromise.java:118) [netty-common-4.1.113.Final.jar:4.1.113.Final]\n\tat io.netty.channel.nio.AbstractNioChannel$AbstractNioUnsafe.fulfillConnectPromise(AbstractNioChannel.java:326) [netty-transport-4.1.113.Final.jar:4.1.113.Final]\n\tat io.netty.channel.nio.AbstractNioChannel$AbstractNioUnsafe.finishConnect(AbstractNioChannel.java:342) [netty-transport-4.1.113.Final.jar:4.1.113.Final]\n\tat io.netty.channel.nio.NioEventLoop.processSelectedKey(NioEventLoop.java:776) [netty-transport-4.1.113.Final.jar:4.1.113.Final]\n\tat io.netty.channel.nio.NioEventLoop.processSelectedKeysOptimized(NioEventLoop.java:724) [netty-transport-4.1.113.Final.jar:4.1.113.Final]\n\tat io.netty.channel.nio.NioEventLoop.processSelectedKeys(NioEventLoop.java:650) [netty-transport-4.1.113.Final.jar:4.1.113.Final]\n\tat io.netty.channel.nio.NioEventLoop.run(NioEventLoop.java:562) [netty-transport-4.1.113.Final.jar:4.1.113.Final]\n\tat io.netty.util.concurrent.SingleThreadEventExecutor$4.run(SingleThreadEventExecutor.java:997) [netty-common-4.1.113.Final.jar:4.1.113.Final]\n\tat io.netty.util.internal.ThreadExecutorMap$2.run(ThreadExecutorMap.java:74) [netty-common-4.1.113.Final.jar:4.1.113.Final]\n\tat io.netty.util.concurrent.FastThreadLocalRunnable.run(FastThreadLocalRunnable.java:30) [netty-common-4.1.113.Final.jar:4.1.113.Final]\n\tat java.base/java.lang.Thread.run(Thread.java:842) [?:?]\n"}],"extendedStackTrace":"org.springframework.web.reactive.function.client.WebClientRequestException: Connection refused: no further information: localhost/127.0.0.1:8084\n\tat org.springframework.web.reactive.function.client.ExchangeFunctions$DefaultExchangeFunction.lambda$wrapException$9(ExchangeFunctions.java:136) ~[spring-webflux-6.1.13.jar:6.1.13]\n\tSuppressed: reactor.core.publisher.FluxOnAssembly$OnAssemblyException: \r\nError has been observed at the following site(s):\r\n\t*__checkpoint â‡¢ Request to GET http://localhost:8084/mock/risk/allow [DefaultWebClient]\r\nOriginal Stack Trace:\n\t\tat org.springframework.web.reactive.function.client.ExchangeFunctions$DefaultExchangeFunction.lambda$wrapException$9(ExchangeFunctions.java:136) ~[spring-webflux-6.1.13.jar:6.1.13]\n\t\tat reactor.core.publisher.MonoErrorSupplied.subscribe(MonoErrorSupplied.java:55) ~[reactor-core-3.6.10.jar:3.6.10]\n\t\tat reactor.core.publisher.Mono.subscribe(Mono.java:4576) ~[reactor-core-3.6.10.jar:3.6.10]\n\t\tat reactor.core.publisher.FluxOnErrorResume$ResumeSubscriber.onError(FluxOnErrorResume.java:103) ~[reactor-core-3.6.10.jar:3.6.10]\n\t\tat reactor.core.publisher.FluxPeek$PeekSubscriber.onError(FluxPeek.java:222) ~[reactor-core-3.6.10.jar:3.6.10]\n\t\tat reactor.core.publisher.FluxPeek$PeekSubscriber.onError(FluxPeek.java:222) ~[reactor-core-3.6.10.jar:3.6.10]\n\t\tat reactor.core.publisher.FluxPeek$PeekSubscriber.onError(FluxPeek.java:222) ~[reactor-core-3.6.10.jar:3.6.10]\n\t\tat reactor.core.publisher.MonoNext$NextSubscriber.onError(MonoNext.java:93) ~[reactor-core-3.6.10.jar:3.6.10]\n\t\tat reactor.core.publisher.MonoFlatMapMany$FlatMapManyMain.onError(MonoFlatMapMany.java:205) ~[reactor-core-3.6.10.jar:3.6.10]\n\t\tat reactor.core.publisher.SerializedSubscriber.onError(SerializedSubscriber.java:124) ~[reactor-core-3.6.10.jar:3.6.10]\n\t\tat reactor.core.publisher.FluxRetryWhen$RetryWhenMainSubscriber.whenError(FluxRetryWhen.java:229) ~[reactor-core-3.6.10.jar:3.6.10]\n\t\tat reactor.core.publisher.FluxRetryWhen$RetryWhenOtherSubscriber.onError(FluxRetryWhen.java:279) ~[reactor-core-3.6.10.jar:3.6.10]\n\t\tat reactor.core.publisher.FluxContextWrite$ContextWriteSubscriber.onError(FluxContextWrite.java:121) ~[reactor-core-3.6.10.jar:3.6.10]\n\t\tat reactor.core.publisher.FluxConcatMapNoPrefetch$FluxConcatMapNoPrefetchSubscriber.maybeOnError(FluxConcatMapNoPrefetch.java:327) ~[reactor-core-3.6.10.jar:3.6.10]\n\t\tat reactor.core.publisher.FluxConcatMapNoPrefetch$FluxConcatMapNoPrefetchSubscriber.onNext(FluxConcatMapNoPrefetch.java:212) ~[reactor-core-3.6.10.jar:3.6.10]\n\t\tat reactor.core.publisher.FluxContextWrite$ContextWriteSubscriber.onNext(FluxContextWrite.java:107) ~[reactor-core-3.6.10.jar:3.6.10]\n\t\tat reactor.core.publisher.SinkManyEmitterProcessor.drain(SinkManyEmitterProcessor.java:476) ~[reactor-core-3.6.10.jar:3.6.10]\n\t\tat reactor.core.publisher.SinkManyEmitterProcessor$EmitterInner.drainParent(SinkManyEmitterProcessor.java:620) ~[reactor-core-3.6.10.jar:3.6.10]\n\t\tat reactor.core.publisher.FluxPublish$PubSubInner.request(FluxPublish.java:874) ~[reactor-core-3.6.10.jar:3.6.10]\n\t\tat reactor.core.publisher.FluxContextWrite$ContextWriteSubscriber.request(FluxContextWrite.java:136) ~[reactor-core-3.6.10.jar:3.6.10]\n\t\tat reactor.core.publisher.FluxConcatMapNoPrefetch$FluxConcatMapNoPrefetchSubscriber.request(FluxConcatMapNoPrefetch.java:337) ~[reactor-core-3.6.10.jar:3.6.10]\n\t\tat reactor.core.publisher.FluxContextWrite$ContextWriteSubscriber.request(FluxContextWrite.java:136) ~[reactor-core-3.6.10.jar:3.6.10]\n\t\tat reactor.core.publisher.Operators$DeferredSubscription.request(Operators.java:1743) ~[reactor-core-3.6.10.jar:3.6.10]\n\t\tat reactor.core.publisher.FluxRetryWhen$RetryWhenMainSubscriber.onError(FluxRetryWhen.java:196) ~[reactor-core-3.6.10.jar:3.6.10]\n\t\tat reactor.core.publisher.MonoCreate$DefaultMonoSink.error(MonoCreate.java:205) ~[reactor-core-3.6.10.jar:3.6.10]\n\t\tat reactor.netty.http.client.HttpClientConnect$MonoHttpConnect$ClientTransportSubscriber.onError(HttpClientConnect.java:311) ~[reactor-netty-http-1.1.22.jar:1.1.22]\n\t\tat reactor.core.publisher.MonoCreate$DefaultMonoSink.error(MonoCreate.java:205) ~[reactor-core-3.6.10.jar:3.6.10]\n\t\tat reactor.netty.resources.DefaultPooledConnectionProvider$DisposableAcquire.onError(DefaultPooledConnectionProvider.java:172) ~[reactor-netty-core-1.1.22.jar:1.1.22]\n\t\tat reactor.netty.internal.shaded.reactor.pool.AbstractPool$Borrower.fail(AbstractPool.java:480) ~[reactor-netty-core-1.1.22.jar:1.1.22]\n\t\tat reactor.netty.internal.shaded.reactor.pool.SimpleDequePool.lambda$drainLoop$9(SimpleDequePool.java:436) ~[reactor-netty-core-1.1.22.jar:1.1.22]\n\t\tat reactor.core.publisher.FluxDoOnEach$DoOnEachSubscriber.onError(FluxDoOnEach.java:186) ~[reactor-core-3.6.10.jar:3.6.10]\n\t\tat reactor.core.publisher.MonoCreate$DefaultMonoSink.error(MonoCreate.java:205) ~[reactor-core-3.6.10.jar:3.6.10]\n\t\tat reactor.netty.resources.DefaultPooledConnectionProvider$PooledConnectionAllocator$PooledConnectionInitializer.onError(DefaultPooledConnectionProvider.java:583) ~[reactor-netty-core-1.1.22.jar:1.1.22]\n\t\tat reactor.core.publisher.MonoFlatMap$FlatMapMain.secondError(MonoFlatMap.java:241) ~[reactor-core-3.6.10.jar:3.6.10]\n\t\tat reactor.core.publisher.MonoFlatMap$FlatMapInner.onError(MonoFlatMap.java:315) ~[reactor-core-3.6.10.jar:3.6.10]\n\t\tat reactor.core.publisher.FluxOnErrorResume$ResumeSubscriber.onError(FluxOnErrorResume.java:106) ~[reactor-core-3.6.10.jar:3.6.10]\n\t\tat reactor.core.publisher.Operators.error(Operators.java:198) ~[reactor-core-3.6.10.jar:3.6.10]\n\t\tat reactor.core.publisher.MonoError.subscribe(MonoError.java:53) ~[reactor-core-3.6.10.jar:3.6.10]\n\t\tat reactor.core.publisher.Mono.subscribe(Mono.java:4576) ~[reactor-core-3.6.10.jar:3.6.10]\n\t\tat reactor.core.publisher.FluxOnErrorResume$ResumeSubscriber.onError(FluxOnErrorResume.java:103) ~[reactor-core-3.6.10.jar:3.6.10]\n\t\tat reactor.netty.transport.TransportConnector$MonoChannelPromise.tryFailure(TransportConnector.java:576) ~[reactor-netty-core-1.1.22.jar:1.1.22]\n\t\tat reactor.netty.transport.TransportConnector$MonoChannelPromise.setFailure(TransportConnector.java:522) ~[reactor-netty-core-1.1.22.jar:1.1.22]\n\t\tat reactor.netty.transport.TransportConnector.lambda$doConnect$7(TransportConnector.java:261) ~[reactor-netty-core-1.1.22.jar:1.1.22]\n\t\tat io.netty.util.concurrent.DefaultPromise.notifyListener0(DefaultPromise.java:590) [netty-common-4.1.113.Final.jar:4.1.113.Final]\n\t\tat io.netty.util.concurrent.DefaultPromise.notifyListeners0(DefaultPromise.java:583) [netty-common-4.1.113.Final.jar:4.1.113.Final]\n\t\tat io.netty.util.concurrent.DefaultPromise.notifyListenersNow(DefaultPromise.java:559) [netty-common-4.1.113.Final.jar:4.1.113.Final]\n\t\tat io.netty.util.concurrent.DefaultPromise.notifyListeners(DefaultPromise.java:492) [netty-common-4.1.113.Final.jar:4.1.113.Final]\n\t\tat io.netty.util.concurrent.DefaultPromise.setValue0(DefaultPromise.java:636) [netty-common-4.1.113.Final.jar:4.1.113.Final]\n\t\tat io.netty.util.concurrent.DefaultPromise.setFailure0(DefaultPromise.java:629) [netty-common-4.1.113.Final.jar:4.1.113.Final]\n\t\tat io.netty.util.concurrent.DefaultPromise.tryFailure(DefaultPromise.java:118) [netty-common-4.1.113.Final.jar:4.1.113.Final]\n\t\tat io.netty.channel.nio.AbstractNioChannel$AbstractNioUnsafe.fulfillConnectPromise(AbstractNioChannel.java:326) [netty-transport-4.1.113.Final.jar:4.1.113.Final]\n\t\tat io.netty.channel.nio.AbstractNioChannel$AbstractNioUnsafe.finishConnect(AbstractNioChannel.java:342) [netty-transport-4.1.113.Final.jar:4.1.113.Final]\n\t\tat io.netty.channel.nio.NioEventLoop.processSelectedKey(NioEventLoop.java:776) [netty-transport-4.1.113.Final.jar:4.1.113.Final]\n\t\tat io.netty.channel.nio.NioEventLoop.processSelectedKeysOptimized(NioEventLoop.java:724) [netty-transport-4.1.113.Final.jar:4.1.113.Final]\n\t\tat io.netty.channel.nio.NioEventLoop.processSelectedKeys(NioEventLoop.java:650) [netty-transport-4.1.113.Final.jar:4.1.113.Final]\n\t\tat io.netty.channel.nio.NioEventLoop.run(NioEventLoop.java:562) [netty-transport-4.1.113.Final.jar:4.1.113.Final]\n\t\tat io.netty.util.concurrent.SingleThreadEventExecutor$4.run(SingleThreadEventExecutor.java:997) [netty-common-4.1.113.Final.jar:4.1.113.Final]\n\t\tat io.netty.util.internal.ThreadExecutorMap$2.run(ThreadExecutorMap.java:74) [netty-common-4.1.113.Final.jar:4.1.113.Final]\n\t\tat io.netty.util.concurrent.FastThreadLocalRunnable.run(FastThreadLocalRunnable.java:30) [netty-common-4.1.113.Final.jar:4.1.113.Final]\n\t\tat java.base/java.lang.Thread.run(Thread.java:842) [?:?]\nCaused by: io.netty.channel.AbstractChannel$AnnotatedConnectException: Connection refused: no further information: localhost/127.0.0.1:8084\nCaused by: java.net.ConnectException: Connection refused: no further information\n\tat java.base/sun.nio.ch.Net.pollConnect(Native Method) ~[?:?]\n\tat java.base/sun.nio.ch.Net.pollConnectNow(Net.java:672) ~[?:?]\n\tat java.base/sun.nio.ch.SocketChannelImpl.finishConnect(SocketChannelImpl.java:946) ~[?:?]\n\tat io.netty.channel.socket.nio.NioSocketChannel.doFinishConnect(NioSocketChannel.java:336) ~[netty-transport-4.1.113.Final.jar:4.1.113.Final]\n\tat io.netty.channel.nio.AbstractNioChannel$AbstractNioUnsafe.finishConnect(AbstractNioChannel.java:339) [netty-transport-4.1.113.Final.jar:4.1.113.Final]\n\tat io.netty.channel.nio.NioEventLoop.processSelectedKey(NioEventLoop.java:776) [netty-transport-4.1.113.Final.jar:4.1.113.Final]\n\tat io.netty.channel.nio.NioEventLoop.processSelectedKeysOptimized(NioEventLoop.java:724) [netty-transport-4.1.113.Final.jar:4.1.113.Final]\n\tat io.netty.channel.nio.NioEventLoop.processSelectedKeys(NioEventLoop.java:650) [netty-transport-4.1.113.Final.jar:4.1.113.Final]\n\tat io.netty.channel.nio.NioEventLoop.run(NioEventLoop.java:562) [netty-transport-4.1.113.Final.jar:4.1.113.Final]\n\tat io.netty.util.concurrent.SingleThreadEventExecutor$4.run(SingleThreadEventExecutor.java:997) [netty-common-4.1.113.Final.jar:4.1.113.Final]\n\tat io.netty.util.internal.ThreadExecutorMap$2.run(ThreadExecutorMap.java:74) [netty-common-4.1.113.Final.jar:4.1.113.Final]\n\tat io.netty.util.concurrent.FastThreadLocalRunnable.run(FastThreadLocalRunnable.java:30) [netty-common-4.1.113.Final.jar:4.1.113.Final]\n\tat java.base/java.lang.Thread.run(Thread.java:842) [?:?]\n"},"endOfBatch":false,"loggerFqcn":"org.apache.logging.log4j.spi.AbstractLogger","contextMap":{},"threadId":51,"threadPriority":10,"app":"bankx-transactions","env":"dev"}
{"timeMillis":1769004516982,"thread":"boundedElastic-1","level":"DEBUG","loggerName":"org.hibernate.SQL","message":"select rr1_0.id,rr1_0.currency,rr1_0.max_debit_per_tx from risk_rules rr1_0 where rr1_0.currency=? fetch first ? rows only","endOfBatch":false,"loggerFqcn":"org.jboss.logging.Logger","contextMap":{},"threadId":74,"threadPriority":10,"app":"bankx-transactions","env":"dev"}
Hibernate: select rr1_0.id,rr1_0.currency,rr1_0.max_debit_per_tx from risk_rules rr1_0 where rr1_0.currency=? fetch first ? rows only
{"timeMillis":1769004516983,"thread":"boundedElastic-1","level":"WARN","loggerName":"com.bankx.service.TransactionService","message":"risk_rejected account=001-0001 currency=PEN type=DEBIT amount=2000","endOfBatch":false,"loggerFqcn":"org.apache.logging.log4j.spi.AbstractLogger","contextMap":{},"threadId":74,"threadPriority":10,"app":"bankx-transactions","env":"dev"}
{"timeMillis":1769004516983,"thread":"boundedElastic-1","level":"WARN","loggerName":"com.bankx.service.TransactionService","message":"create_tx_error account=001-0001 type=DEBIT amount=2000 error=risk_rejected","endOfBatch":false,"loggerFqcn":"org.apache.logging.log4j.spi.AbstractLogger","contextMap":{},"threadId":74,"threadPriority":10,"app":"bankx-transactions","env":"dev"}
]]></system-out>
  </testcase>
  <testcase name="createTransaction_accountNotFound" classname="com.bankx.api.TransactionControllerTest" time="0.025">
    <system-out><![CDATA[{"timeMillis":1769004516992,"thread":"main","level":"DEBUG","loggerName":"org.hibernate.SQL","message":"select rr1_0.id,rr1_0.currency,rr1_0.max_debit_per_tx from risk_rules rr1_0 where rr1_0.currency=? fetch first ? rows only","endOfBatch":false,"loggerFqcn":"org.jboss.logging.Logger","contextMap":{},"threadId":1,"threadPriority":5,"app":"bankx-transactions","env":"dev"}
Hibernate: select rr1_0.id,rr1_0.currency,rr1_0.max_debit_per_tx from risk_rules rr1_0 where rr1_0.currency=? fetch first ? rows only
{"timeMillis":1769004516993,"thread":"main","level":"DEBUG","loggerName":"org.hibernate.SQL","message":"select rr1_0.id,rr1_0.currency,rr1_0.max_debit_per_tx from risk_rules rr1_0 where rr1_0.id=?","endOfBatch":false,"loggerFqcn":"org.jboss.logging.Logger","contextMap":{},"threadId":1,"threadPriority":5,"app":"bankx-transactions","env":"dev"}
Hibernate: select rr1_0.id,rr1_0.currency,rr1_0.max_debit_per_tx from risk_rules rr1_0 where rr1_0.id=?
{"timeMillis":1769004516994,"thread":"main","level":"DEBUG","loggerName":"org.hibernate.SQL","message":"update risk_rules set currency=?,max_debit_per_tx=? where id=?","endOfBatch":false,"loggerFqcn":"org.jboss.logging.Logger","contextMap":{},"threadId":1,"threadPriority":5,"app":"bankx-transactions","env":"dev"}
Hibernate: update risk_rules set currency=?,max_debit_per_tx=? where id=?
{"timeMillis":1769004517008,"thread":"parallel-6","level":"DEBUG","loggerName":"com.bankx.service.TransactionService","message":"create_tx_start account=001-9999 type=DEBIT amount=100","endOfBatch":false,"loggerFqcn":"org.apache.logging.log4j.spi.AbstractLogger","contextMap":{"corrId":"90af3925-6ad7-4234-a7b4-3606a57dae92"},"threadId":78,"threadPriority":5,"app":"bankx-transactions","env":"dev"}
{"timeMillis":1769004517011,"thread":"nioEventLoopGroup-3-4","level":"WARN","loggerName":"com.bankx.service.TransactionService","message":"create_tx_error account=001-9999 type=DEBIT amount=100 error=account_not_found","endOfBatch":false,"loggerFqcn":"org.apache.logging.log4j.spi.AbstractLogger","contextMap":{},"threadId":46,"threadPriority":10,"app":"bankx-transactions","env":"dev"}
]]></system-out>
  </testcase>
  <testcase name="createTransaction_timeout_usesFallback_allows" classname="com.bankx.api.TransactionControllerTest" time="0.041">
    <system-out><![CDATA[{"timeMillis":1769004517016,"thread":"main","level":"DEBUG","loggerName":"org.hibernate.SQL","message":"select rr1_0.id,rr1_0.currency,rr1_0.max_debit_per_tx from risk_rules rr1_0 where rr1_0.currency=? fetch first ? rows only","endOfBatch":false,"loggerFqcn":"org.jboss.logging.Logger","contextMap":{},"threadId":1,"threadPriority":5,"app":"bankx-transactions","env":"dev"}
Hibernate: select rr1_0.id,rr1_0.currency,rr1_0.max_debit_per_tx from risk_rules rr1_0 where rr1_0.currency=? fetch first ? rows only
{"timeMillis":1769004517018,"thread":"main","level":"DEBUG","loggerName":"org.hibernate.SQL","message":"select rr1_0.id,rr1_0.currency,rr1_0.max_debit_per_tx from risk_rules rr1_0 where rr1_0.id=?","endOfBatch":false,"loggerFqcn":"org.jboss.logging.Logger","contextMap":{},"threadId":1,"threadPriority":5,"app":"bankx-transactions","env":"dev"}
Hibernate: select rr1_0.id,rr1_0.currency,rr1_0.max_debit_per_tx from risk_rules rr1_0 where rr1_0.id=?
{"timeMillis":1769004517032,"thread":"main","level":"DEBUG","loggerName":"org.hibernate.SQL","message":"select rr1_0.id,rr1_0.currency,rr1_0.max_debit_per_tx from risk_rules rr1_0 where rr1_0.currency=? fetch first ? rows only","endOfBatch":false,"loggerFqcn":"org.jboss.logging.Logger","contextMap":{},"threadId":1,"threadPriority":5,"app":"bankx-transactions","env":"dev"}
Hibernate: select rr1_0.id,rr1_0.currency,rr1_0.max_debit_per_tx from risk_rules rr1_0 where rr1_0.currency=? fetch first ? rows only
{"timeMillis":1769004517034,"thread":"main","level":"DEBUG","loggerName":"org.hibernate.SQL","message":"select rr1_0.id,rr1_0.currency,rr1_0.max_debit_per_tx from risk_rules rr1_0 where rr1_0.id=?","endOfBatch":false,"loggerFqcn":"org.jboss.logging.Logger","contextMap":{},"threadId":1,"threadPriority":5,"app":"bankx-transactions","env":"dev"}
Hibernate: select rr1_0.id,rr1_0.currency,rr1_0.max_debit_per_tx from risk_rules rr1_0 where rr1_0.id=?
{"timeMillis":1769004517037,"thread":"parallel-7","level":"DEBUG","loggerName":"com.bankx.service.TransactionService","message":"create_tx_start account=001-0001 type=DEBIT amount=100","endOfBatch":false,"loggerFqcn":"org.apache.logging.log4j.spi.AbstractLogger","contextMap":{"corrId":"a60f7099-a806-4dbf-8ed5-c504a26a6a89"},"threadId":79,"threadPriority":5,"app":"bankx-transactions","env":"dev"}
{"timeMillis":1769004517041,"thread":"nioEventLoopGroup-3-4","level":"DEBUG","loggerName":"com.bankx.risk.RiskRemoteClient","message":"risk_remote_call currency=PEN type=DEBIT amount=100 fail=false delayMs=1500","endOfBatch":false,"loggerFqcn":"org.apache.logging.log4j.spi.AbstractLogger","contextMap":{},"threadId":46,"threadPriority":10,"app":"bankx-transactions","env":"dev"}
{"timeMillis":1769004517044,"thread":"reactor-http-nio-4","level":"WARN","loggerName":"com.bankx.risk.RiskRemoteClient","message":"risk_remote_fallback reason=org.springframework.web.reactive.function.client.WebClientRequestException: Connection refused: no further information: localhost/127.0.0.1:8084","thrown":{"commonElementCount":0,"localizedMessage":"Connection refused: no further information: localhost/127.0.0.1:8084","message":"Connection refused: no further information: localhost/127.0.0.1:8084","name":"org.springframework.web.reactive.function.client.WebClientRequestException","cause":{"commonElementCount":0,"localizedMessage":"Connection refused: no further information: localhost/127.0.0.1:8084","message":"Connection refused: no further information: localhost/127.0.0.1:8084","name":"io.netty.channel.AbstractChannel$AnnotatedConnectException","cause":{"commonElementCount":0,"localizedMessage":"Connection refused: no further information","message":"Connection refused: no further information","name":"java.net.ConnectException","extendedStackTrace":"java.net.ConnectException: Connection refused: no further information\n\tat java.base/sun.nio.ch.Net.pollConnect(Native Method) ~[?:?]\n\tat java.base/sun.nio.ch.Net.pollConnectNow(Net.java:672) ~[?:?]\n\tat java.base/sun.nio.ch.SocketChannelImpl.finishConnect(SocketChannelImpl.java:946) ~[?:?]\n\tat io.netty.channel.socket.nio.NioSocketChannel.doFinishConnect(NioSocketChannel.java:336) ~[netty-transport-4.1.113.Final.jar:4.1.113.Final]\n\tat io.netty.channel.nio.AbstractNioChannel$AbstractNioUnsafe.finishConnect(AbstractNioChannel.java:339) [netty-transport-4.1.113.Final.jar:4.1.113.Final]\n\tat io.netty.channel.nio.NioEventLoop.processSelectedKey(NioEventLoop.java:776) [netty-transport-4.1.113.Final.jar:4.1.113.Final]\n\tat io.netty.channel.nio.NioEventLoop.processSelectedKeysOptimized(NioEventLoop.java:724) [netty-transport-4.1.113.Final.jar:4.1.113.Final]\n\tat io.netty.channel.nio.NioEventLoop.processSelectedKeys(NioEventLoop.java:650) [netty-transport-4.1.113.Final.jar:4.1.113.Final]\n\tat io.netty.channel.nio.NioEventLoop.run(NioEventLoop.java:562) [netty-transport-4.1.113.Final.jar:4.1.113.Final]\n\tat io.netty.util.concurrent.SingleThreadEventExecutor$4.run(SingleThreadEventExecutor.java:997) [netty-common-4.1.113.Final.jar:4.1.113.Final]\n\tat io.netty.util.internal.ThreadExecutorMap$2.run(ThreadExecutorMap.java:74) [netty-common-4.1.113.Final.jar:4.1.113.Final]\n\tat io.netty.util.concurrent.FastThreadLocalRunnable.run(FastThreadLocalRunnable.java:30) [netty-common-4.1.113.Final.jar:4.1.113.Final]\n\tat java.base/java.lang.Thread.run(Thread.java:842) [?:?]\n"},"extendedStackTrace":"io.netty.channel.AbstractChannel$AnnotatedConnectException: Connection refused: no further information: localhost/127.0.0.1:8084\nCaused by: java.net.ConnectException: Connection refused: no further information\n\tat java.base/sun.nio.ch.Net.pollConnect(Native Method) ~[?:?]\n\tat java.base/sun.nio.ch.Net.pollConnectNow(Net.java:672) ~[?:?]\n\tat java.base/sun.nio.ch.SocketChannelImpl.finishConnect(SocketChannelImpl.java:946) ~[?:?]\n\tat io.netty.channel.socket.nio.NioSocketChannel.doFinishConnect(NioSocketChannel.java:336) ~[netty-transport-4.1.113.Final.jar:4.1.113.Final]\n\tat io.netty.channel.nio.AbstractNioChannel$AbstractNioUnsafe.finishConnect(AbstractNioChannel.java:339) [netty-transport-4.1.113.Final.jar:4.1.113.Final]\n\tat io.netty.channel.nio.NioEventLoop.processSelectedKey(NioEventLoop.java:776) [netty-transport-4.1.113.Final.jar:4.1.113.Final]\n\tat io.netty.channel.nio.NioEventLoop.processSelectedKeysOptimized(NioEventLoop.java:724) [netty-transport-4.1.113.Final.jar:4.1.113.Final]\n\tat io.netty.channel.nio.NioEventLoop.processSelectedKeys(NioEventLoop.java:650) [netty-transport-4.1.113.Final.jar:4.1.113.Final]\n\tat io.netty.channel.nio.NioEventLoop.run(NioEventLoop.java:562) [netty-transport-4.1.113.Final.jar:4.1.113.Final]\n\tat io.netty.util.concurrent.SingleThreadEventExecutor$4.run(SingleThreadEventExecutor.java:997) [netty-common-4.1.113.Final.jar:4.1.113.Final]\n\tat io.netty.util.internal.ThreadExecutorMap$2.run(ThreadExecutorMap.java:74) [netty-common-4.1.113.Final.jar:4.1.113.Final]\n\tat io.netty.util.concurrent.FastThreadLocalRunnable.run(FastThreadLocalRunnable.java:30) [netty-common-4.1.113.Final.jar:4.1.113.Final]\n\tat java.base/java.lang.Thread.run(Thread.java:842) [?:?]\n"},"suppressed":[{"commonElementCount":0,"localizedMessage":"\r\nError has been observed at the following site(s):\r\n\t*__checkpoint â‡¢ Request to GET http://localhost:8084/mock/risk/allow [DefaultWebClient]\r\nOriginal Stack Trace:","message":"\r\nError has been observed at the following site(s):\r\n\t*__checkpoint â‡¢ Request to GET http://localhost:8084/mock/risk/allow [DefaultWebClient]\r\nOriginal Stack Trace:","name":"reactor.core.publisher.FluxOnAssembly$OnAssemblyException","extendedStackTrace":"reactor.core.publisher.FluxOnAssembly$OnAssemblyException: \r\nError has been observed at the following site(s):\r\n\t*__checkpoint â‡¢ Request to GET http://localhost:8084/mock/risk/allow [DefaultWebClient]\r\nOriginal Stack Trace:\n\tat org.springframework.web.reactive.function.client.ExchangeFunctions$DefaultExchangeFunction.lambda$wrapException$9(ExchangeFunctions.java:136) ~[spring-webflux-6.1.13.jar:6.1.13]\n\tat reactor.core.publisher.MonoErrorSupplied.subscribe(MonoErrorSupplied.java:55) ~[reactor-core-3.6.10.jar:3.6.10]\n\tat reactor.core.publisher.Mono.subscribe(Mono.java:4576) ~[reactor-core-3.6.10.jar:3.6.10]\n\tat reactor.core.publisher.FluxOnErrorResume$ResumeSubscriber.onError(FluxOnErrorResume.java:103) ~[reactor-core-3.6.10.jar:3.6.10]\n\tat reactor.core.publisher.FluxPeek$PeekSubscriber.onError(FluxPeek.java:222) ~[reactor-core-3.6.10.jar:3.6.10]\n\tat reactor.core.publisher.FluxPeek$PeekSubscriber.onError(FluxPeek.java:222) ~[reactor-core-3.6.10.jar:3.6.10]\n\tat reactor.core.publisher.FluxPeek$PeekSubscriber.onError(FluxPeek.java:222) ~[reactor-core-3.6.10.jar:3.6.10]\n\tat reactor.core.publisher.MonoNext$NextSubscriber.onError(MonoNext.java:93) ~[reactor-core-3.6.10.jar:3.6.10]\n\tat reactor.core.publisher.MonoFlatMapMany$FlatMapManyMain.onError(MonoFlatMapMany.java:205) ~[reactor-core-3.6.10.jar:3.6.10]\n\tat reactor.core.publisher.SerializedSubscriber.onError(SerializedSubscriber.java:124) ~[reactor-core-3.6.10.jar:3.6.10]\n\tat reactor.core.publisher.FluxRetryWhen$RetryWhenMainSubscriber.whenError(FluxRetryWhen.java:229) ~[reactor-core-3.6.10.jar:3.6.10]\n\tat reactor.core.publisher.FluxRetryWhen$RetryWhenOtherSubscriber.onError(FluxRetryWhen.java:279) ~[reactor-core-3.6.10.jar:3.6.10]\n\tat reactor.core.publisher.FluxContextWrite$ContextWriteSubscriber.onError(FluxContextWrite.java:121) ~[reactor-core-3.6.10.jar:3.6.10]\n\tat reactor.core.publisher.FluxConcatMapNoPrefetch$FluxConcatMapNoPrefetchSubscriber.maybeOnError(FluxConcatMapNoPrefetch.java:327) ~[reactor-core-3.6.10.jar:3.6.10]\n\tat reactor.core.publisher.FluxConcatMapNoPrefetch$FluxConcatMapNoPrefetchSubscriber.onNext(FluxConcatMapNoPrefetch.java:212) ~[reactor-core-3.6.10.jar:3.6.10]\n\tat reactor.core.publisher.FluxContextWrite$ContextWriteSubscriber.onNext(FluxContextWrite.java:107) ~[reactor-core-3.6.10.jar:3.6.10]\n\tat reactor.core.publisher.SinkManyEmitterProcessor.drain(SinkManyEmitterProcessor.java:476) ~[reactor-core-3.6.10.jar:3.6.10]\n\tat reactor.core.publisher.SinkManyEmitterProcessor$EmitterInner.drainParent(SinkManyEmitterProcessor.java:620) ~[reactor-core-3.6.10.jar:3.6.10]\n\tat reactor.core.publisher.FluxPublish$PubSubInner.request(FluxPublish.java:874) ~[reactor-core-3.6.10.jar:3.6.10]\n\tat reactor.core.publisher.FluxContextWrite$ContextWriteSubscriber.request(FluxContextWrite.java:136) ~[reactor-core-3.6.10.jar:3.6.10]\n\tat reactor.core.publisher.FluxConcatMapNoPrefetch$FluxConcatMap
[...]
inal Stack Trace:\n\tat org.springframework.web.reactive.function.client.ExchangeFunctions$DefaultExchangeFunction.lambda$wrapException$9(ExchangeFunctions.java:136) ~[spring-webflux-6.1.13.jar:6.1.13]\n\tat reactor.core.publisher.MonoErrorSupplied.subscribe(MonoErrorSupplied.java:55) ~[reactor-core-3.6.10.jar:3.6.10]\n\tat reactor.core.publisher.Mono.subscribe(Mono.java:4576) ~[reactor-core-3.6.10.jar:3.6.10]\n\tat reactor.core.publisher.FluxOnErrorResume$ResumeSubscriber.onError(FluxOnErrorResume.java:103) ~[reactor-core-3.6.10.jar:3.6.10]\n\tat reactor.core.publisher.FluxPeek$PeekSubscriber.onError(FluxPeek.java:222) ~[reactor-core-3.6.10.jar:3.6.10]\n\tat reactor.core.publisher.FluxPeek$PeekSubscriber.onError(FluxPeek.java:222) ~[reactor-core-3.6.10.jar:3.6.10]\n\tat reactor.core.publisher.FluxPeek$PeekSubscriber.onError(FluxPeek.java:222) ~[reactor-core-3.6.10.jar:3.6.10]\n\tat reactor.core.publisher.MonoNext$NextSubscriber.onError(MonoNext.java:93) ~[reactor-core-3.6.10.jar:3.6.10]\n\tat reactor.core.publisher.MonoFlatMapMany$FlatMapManyMain.onError(MonoFlatMapMany.java:205) ~[reactor-core-3.6.10.jar:3.6.10]\n\tat reactor.core.publisher.SerializedSubscriber.onError(SerializedSubscriber.java:124) ~[reactor-core-3.6.10.jar:3.6.10]\n\tat reactor.core.publisher.FluxRetryWhen$RetryWhenMainSubscriber.whenError(FluxRetryWhen.java:229) ~[reactor-core-3.6.10.jar:3.6.10]\n\tat reactor.core.publisher.FluxRetryWhen$RetryWhenOtherSubscriber.onError(FluxRetryWhen.java:279) ~[reactor-core-3.6.10.jar:3.6.10]\n\tat reactor.core.publisher.FluxContextWrite$ContextWriteSubscriber.onError(FluxContextWrite.java:121) ~[reactor-core-3.6.10.jar:3.6.10]\n\tat reactor.core.publisher.FluxConcatMapNoPrefetch$FluxConcatMapNoPrefetchSubscriber.maybeOnError(FluxConcatMapNoPrefetch.java:327) ~[reactor-core-3.6.10.jar:3.6.10]\n\tat reactor.core.publisher.FluxConcatMapNoPrefetch$FluxConcatMapNoPrefetchSubscriber.onNext(FluxConcatMapNoPrefetch.java:212) ~[reactor-core-3.6.10.jar:3.6.10]\n\tat reactor.core.publisher.FluxContextWrite$ContextWriteSubscriber.onNext(FluxContextWrite.java:107) ~[reactor-core-3.6.10.jar:3.6.10]\n\tat reactor.core.publisher.SinkManyEmitterProcessor.drain(SinkManyEmitterProcessor.java:476) ~[reactor-core-3.6.10.jar:3.6.10]\n\tat reactor.core.publisher.SinkManyEmitterProcessor$EmitterInner.drainParent(SinkManyEmitterProcessor.java:620) ~[reactor-core-3.6.10.jar:3.6.10]\n\tat reactor.core.publisher.FluxPublish$PubSubInner.request(FluxPublish.java:874) ~[reactor-core-3.6.10.jar:3.6.10]\n\tat reactor.core.publisher.FluxContextWrite$ContextWriteSubscriber.request(FluxContextWrite.java:136) ~[reactor-core-3.6.10.jar:3.6.10]\n\tat reactor.core.publisher.FluxConcatMapNoPrefetch$FluxConcatMapNoPrefetchSubscriber.request(FluxConcatMapNoPrefetch.java:337) ~[reactor-core-3.6.10.jar:3.6.10]\n\tat reactor.core.publisher.FluxContextWrite$ContextWriteSubscriber.request(FluxContextWrite.java:136) ~[reactor-core-3.6.10.jar:3.6.10]\n\tat reactor.core.publisher.Operators$DeferredSubscription.request(Operators.java:1743) ~[reactor-core-3.6.10.jar:3.6.10]\n\tat reactor.core.publisher.FluxRetryWhen$RetryWhenMainSubscriber.onError(FluxRetryWhen.java:196) ~[reactor-core-3.6.10.jar:3.6.10]\n\tat reactor.core.publisher.MonoCreate$DefaultMonoSink.error(MonoCreate.java:205) ~[reactor-core-3.6.10.jar:3.6.10]\n\tat reactor.netty.http.client.HttpClientConnect$MonoHttpConnect$ClientTransportSubscriber.onError(HttpClientConnect.java:311) ~[reactor-netty-http-1.1.22.jar:1.1.22]\n\tat reactor.core.publisher.MonoCreate$DefaultMonoSink.error(MonoCreate.java:205) ~[reactor-core-3.6.10.jar:3.6.10]\n\tat reactor.netty.resources.DefaultPooledConnectionProvider$DisposableAcquire.onError(DefaultPooledConnectionProvider.java:172) ~[reactor-netty-core-1.1.22.jar:1.1.22]\n\tat reactor.netty.internal.shaded.reactor.pool.AbstractPool$Borrower.fail(AbstractPool.java:480) ~[reactor-netty-core-1.1.22.jar:1.1.22]\n\tat reactor.netty.internal.shaded.reactor.pool.SimpleDequePool.lambda$drainLoop$9(SimpleDequePool.java:436) ~[reactor-netty-core-1.1.22.jar:1.1.22]\n\tat reactor.core.publisher.FluxDoOnEach$DoOnEachSubscriber.onError(FluxDoOnEach.java:186) ~[reactor-core-3.6.10.jar:3.6.10]\n\tat reactor.core.publisher.MonoCreate$DefaultMonoSink.error(MonoCreate.java:205) ~[reactor-core-3.6.10.jar:3.6.10]\n\tat reactor.netty.resources.DefaultPooledConnectionProvider$PooledConnectionAllocator$PooledConnectionInitializer.onError(DefaultPooledConnectionProvider.java:583) ~[reactor-netty-core-1.1.22.jar:1.1.22]\n\tat reactor.core.publisher.MonoFlatMap$FlatMapMain.secondError(MonoFlatMap.java:241) ~[reactor-core-3.6.10.jar:3.6.10]\n\tat reactor.core.publisher.MonoFlatMap$FlatMapInner.onError(MonoFlatMap.java:315) ~[reactor-core-3.6.10.jar:3.6.10]\n\tat reactor.core.publisher.FluxOnErrorResume$ResumeSubscriber.onError(FluxOnErrorResume.java:106) ~[reactor-core-3.6.10.jar:3.6.10]\n\tat reactor.core.publisher.Operators.error(Operators.java:198) ~[reactor-core-3.6.10.jar:3.6.10]\n\tat reactor.core.publisher.MonoError.subscribe(MonoError.java:53) ~[reactor-core-3.6.10.jar:3.6.10]\n\tat reactor.core.publisher.Mono.subscribe(Mono.java:4576) ~[reactor-core-3.6.10.jar:3.6.10]\n\tat reactor.core.publisher.FluxOnErrorResume$ResumeSubscriber.onError(FluxOnErrorResume.java:103) ~[reactor-core-3.6.10.jar:3.6.10]\n\tat reactor.netty.transport.TransportConnector$MonoChannelPromise.tryFailure(TransportConnector.java:576) ~[reactor-netty-core-1.1.22.jar:1.1.22]\n\tat reactor.netty.transport.TransportConnector$MonoChannelPromise.setFailure(TransportConnector.java:522) ~[reactor-netty-core-1.1.22.jar:1.1.22]\n\tat reactor.netty.transport.TransportConnector.lambda$doConnect$7(TransportConnector.java:261) ~[reactor-netty-core-1.1.22.jar:1.1.22]\n\tat io.netty.util.concurrent.DefaultPromise.notifyListener0(DefaultPromise.java:590) [netty-common-4.1.113.Final.jar:4.1.113.Final]\n\tat io.netty.util.concurrent.DefaultPromise.notifyListeners0(DefaultPromise.java:583) [netty-common-4.1.113.Final.jar:4.1.113.Final]\n\tat io.netty.util.concurrent.DefaultPromise.notifyListenersNow(DefaultPromise.java:559) [netty-common-4.1.113.Final.jar:4.1.113.Final]\n\tat io.netty.util.concurrent.DefaultPromise.notifyListeners(DefaultPromise.java:492) [netty-common-4.1.113.Final.jar:4.1.113.Final]\n\tat io.netty.util.concurrent.DefaultPromise.setValue0(DefaultPromise.java:636) [netty-common-4.1.113.Final.jar:4.1.113.Final]\n\tat io.netty.util.concurrent.DefaultPromise.setFailure0(DefaultPromise.java:629) [netty-common-4.1.113.Final.jar:4.1.113.Final]\n\tat io.netty.util.concurrent.DefaultPromise.tryFailure(DefaultPromise.java:118) [netty-common-4.1.113.Final.jar:4.1.113.Final]\n\tat io.netty.channel.nio.AbstractNioChannel$AbstractNioUnsafe.fulfillConnectPromise(AbstractNioChannel.java:326) [netty-transport-4.1.113.Final.jar:4.1.113.Final]\n\tat io.netty.channel.nio.AbstractNioChannel$AbstractNioUnsafe.finishConnect(AbstractNioChannel.java:342) [netty-transport-4.1.113.Final.jar:4.1.113.Final]\n\tat io.netty.channel.nio.NioEventLoop.processSelectedKey(NioEventLoop.java:776) [netty-transport-4.1.113.Final.jar:4.1.113.Final]\n\tat io.netty.channel.nio.NioEventLoop.processSelectedKeysOptimized(NioEventLoop.java:724) [netty-transport-4.1.113.Final.jar:4.1.113.Final]\n\tat io.netty.channel.nio.NioEventLoop.processSelectedKeys(NioEventLoop.java:650) [netty-transport-4.1.113.Final.jar:4.1.113.Final]\n\tat io.netty.channel.nio.NioEventLoop.run(NioEventLoop.java:562) [netty-transport-4.1.113.Final.jar:4.1.113.Final]\n\tat io.netty.util.concurrent.SingleThreadEventExecutor$4.run(SingleThreadEventExecutor.java:997) [netty-common-4.1.113.Final.jar:4.1.113.Final]\n\tat io.netty.util.internal.ThreadExecutorMap$2.run(ThreadExecutorMap.java:74) [netty-common-4.1.113.Final.jar:4.1.113.Final]\n\tat io.netty.util.concurrent.FastThreadLocalRunnable.run(FastThreadLocalRunnable.java:30) [netty-common-4.1.113.Final.jar:4.1.113.Final]\n\tat java.base/java.lang.Thread.run(Thread.java:842) [?:?]\n"}],"extendedStackTrace":"org.springframework.web.reactive.function.client.WebClientRequestException: Connection refused: no further information: localhost/127.0.0.1:8084\n\tat org.springframework.web.reactive.function.client.ExchangeFunctions$DefaultExchangeFunction.lambda$wrapException$9(ExchangeFunctions.java:136) ~[spring-webflux-6.1.13.jar:6.1.13]\n\tSuppressed: reactor.core.publisher.FluxOnAssembly$OnAssemblyException: \r\nError has been observed at the following site(s):\r\n\t*__checkpoint â‡¢ Request to GET http://localhost:8084/mock/risk/allow [DefaultWebClient]\r\nOriginal Stack Trace:\n\t\tat org.springframework.web.reactive.function.client.ExchangeFunctions$DefaultExchangeFunction.lambda$wrapException$9(ExchangeFunctions.java:136) ~[spring-webflux-6.1.13.jar:6.1.13]\n\t\tat reactor.core.publisher.MonoErrorSupplied.subscribe(MonoErrorSupplied.java:55) ~[reactor-core-3.6.10.jar:3.6.10]\n\t\tat reactor.core.publisher.Mono.subscribe(Mono.java:4576) ~[reactor-core-3.6.10.jar:3.6.10]\n\t\tat reactor.core.publisher.FluxOnErrorResume$ResumeSubscriber.onError(FluxOnErrorResume.java:103) ~[reactor-core-3.6.10.jar:3.6.10]\n\t\tat reactor.core.publisher.FluxPeek$PeekSubscriber.onError(FluxPeek.java:222) ~[reactor-core-3.6.10.jar:3.6.10]\n\t\tat reactor.core.publisher.FluxPeek$PeekSubscriber.onError(FluxPeek.java:222) ~[reactor-core-3.6.10.jar:3.6.10]\n\t\tat reactor.core.publisher.FluxPeek$PeekSubscriber.onError(FluxPeek.java:222) ~[reactor-core-3.6.10.jar:3.6.10]\n\t\tat reactor.core.publisher.MonoNext$NextSubscriber.onError(MonoNext.java:93) ~[reactor-core-3.6.10.jar:3.6.10]\n\t\tat reactor.core.publisher.MonoFlatMapMany$FlatMapManyMain.onError(MonoFlatMapMany.java:205) ~[reactor-core-3.6.10.jar:3.6.10]\n\t\tat reactor.core.publisher.SerializedSubscriber.onError(SerializedSubscriber.java:124) ~[reactor-core-3.6.10.jar:3.6.10]\n\t\tat reactor.core.publisher.FluxRetryWhen$RetryWhenMainSubscriber.whenError(FluxRetryWhen.java:229) ~[reactor-core-3.6.10.jar:3.6.10]\n\t\tat reactor.core.publisher.FluxRetryWhen$RetryWhenOtherSubscriber.onError(FluxRetryWhen.java:279) ~[reactor-core-3.6.10.jar:3.6.10]\n\t\tat reactor.core.publisher.FluxContextWrite$ContextWriteSubscriber.onError(FluxContextWrite.java:121) ~[reactor-core-3.6.10.jar:3.6.10]\n\t\tat reactor.core.publisher.FluxConcatMapNoPrefetch$FluxConcatMapNoPrefetchSubscriber.maybeOnError(FluxConcatMapNoPrefetch.java:327) ~[reactor-core-3.6.10.jar:3.6.10]\n\t\tat reactor.core.publisher.FluxConcatMapNoPrefetch$FluxConcatMapNoPrefetchSubscriber.onNext(FluxConcatMapNoPrefetch.java:212) ~[reactor-core-3.6.10.jar:3.6.10]\n\t\tat reactor.core.publisher.FluxContextWrite$ContextWriteSubscriber.onNext(FluxContextWrite.java:107) ~[reactor-core-3.6.10.jar:3.6.10]\n\t\tat reactor.core.publisher.SinkManyEmitterProcessor.drain(SinkManyEmitterProcessor.java:476) ~[reactor-core-3.6.10.jar:3.6.10]\n\t\tat reactor.core.publisher.SinkManyEmitterProcessor$EmitterInner.drainParent(SinkManyEmitterProcessor.java:620) ~[reactor-core-3.6.10.jar:3.6.10]\n\t\tat reactor.core.publisher.FluxPublish$PubSubInner.request(FluxPublish.java:874) ~[reactor-core-3.6.10.jar:3.6.10]\n\t\tat reactor.core.publisher.FluxContextWrite$ContextWriteSubscriber.request(FluxContextWrite.java:136) ~[reactor-core-3.6.10.jar:3.6.10]\n\t\tat reactor.core.publisher.FluxConcatMapNoPrefetch$FluxConcatMapNoPrefetchSubscriber.request(FluxConcatMapNoPrefetch.java:337) ~[reactor-core-3.6.10.jar:3.6.10]\n\t\tat reactor.core.publisher.FluxContextWrite$ContextWriteSubscriber.request(FluxContextWrite.java:136) ~[reactor-core-3.6.10.jar:3.6.10]\n\t\tat reactor.core.publisher.Operators$DeferredSubscription.request(Operators.java:1743) ~[reactor-core-3.6.10.jar:3.6.10]\n\t\tat reactor.core.publisher.FluxRetryWhen$RetryWhenMainSubscriber.onError(FluxRetryWhen.java:196) ~[reactor-core-3.6.10.jar:3.6.10]\n\t\tat reactor.core.publisher.MonoCreate$DefaultMonoSink.error(MonoCreate.java:205) ~[reactor-core-3.6.10.jar:3.6.10]\n\t\tat reactor.netty.http.client.HttpClientConnect$MonoHttpConnect$ClientTransportSubscriber.onError(HttpClientConnect.java:311) ~[reactor-netty-http-1.1.22.jar:1.1.22]\n\t\tat reactor.core.publisher.MonoCreate$DefaultMonoSink.error(MonoCreate.java:205) ~[reactor-core-3.6.10.jar:3.6.10]\n\t\tat reactor.netty.resources.DefaultPooledConnectionProvider$DisposableAcquire.onError(DefaultPooledConnectionProvider.java:172) ~[reactor-netty-core-1.1.22.jar:1.1.22]\n\t\tat reactor.netty.internal.shaded.reactor.pool.AbstractPool$Borrower.fail(AbstractPool.java:480) ~[reactor-netty-core-1.1.22.jar:1.1.22]\n\t\tat reactor.netty.internal.shaded.reactor.pool.SimpleDequePool.lambda$drainLoop$9(SimpleDequePool.java:436) ~[reactor-netty-core-1.1.22.jar:1.1.22]\n\t\tat reactor.core.publisher.FluxDoOnEach$DoOnEachSubscriber.onError(FluxDoOnEach.java:186) ~[reactor-core-3.6.10.jar:3.6.10]\n\t\tat reactor.core.publisher.MonoCreate$DefaultMonoSink.error(MonoCreate.java:205) ~[reactor-core-3.6.10.jar:3.6.10]\n\t\tat reactor.netty.resources.DefaultPooledConnectionProvider$PooledConnectionAllocator$PooledConnectionInitializer.onError(DefaultPooledConnectionProvider.java:583) ~[reactor-netty-core-1.1.22.jar:1.1.22]\n\t\tat reactor.core.publisher.MonoFlatMap$FlatMapMain.secondError(MonoFlatMap.java:241) ~[reactor-core-3.6.10.jar:3.6.10]\n\t\tat reactor.core.publisher.MonoFlatMap$FlatMapInner.onError(MonoFlatMap.java:315) ~[reactor-core-3.6.10.jar:3.6.10]\n\t\tat reactor.core.publisher.FluxOnErrorResume$ResumeSubscriber.onError(FluxOnErrorResume.java:106) ~[reactor-core-3.6.10.jar:3.6.10]\n\t\tat reactor.core.publisher.Operators.error(Operators.java:198) ~[reactor-core-3.6.10.jar:3.6.10]\n\t\tat reactor.core.publisher.MonoError.subscribe(MonoError.java:53) ~[reactor-core-3.6.10.jar:3.6.10]\n\t\tat reactor.core.publisher.Mono.subscribe(Mono.java:4576) ~[reactor-core-3.6.10.jar:3.6.10]\n\t\tat reactor.core.publisher.FluxOnErrorResume$ResumeSubscriber.onError(FluxOnErrorResume.java:103) ~[reactor-core-3.6.10.jar:3.6.10]\n\t\tat reactor.netty.transport.TransportConnector$MonoChannelPromise.tryFailure(TransportConnector.java:576) ~[reactor-netty-core-1.1.22.jar:1.1.22]\n\t\tat reactor.netty.transport.TransportConnector$MonoChannelPromise.setFailure(TransportConnector.java:522) ~[reactor-netty-core-1.1.22.jar:1.1.22]\n\t\tat reactor.netty.transport.TransportConnector.lambda$doConnect$7(TransportConnector.java:261) ~[reactor-netty-core-1.1.22.jar:1.1.22]\n\t\tat io.netty.util.concurrent.DefaultPromise.notifyListener0(DefaultPromise.java:590) [netty-common-4.1.113.Final.jar:4.1.113.Final]\n\t\tat io.netty.util.concurrent.DefaultPromise.notifyListeners0(DefaultPromise.java:583) [netty-common-4.1.113.Final.jar:4.1.113.Final]\n\t\tat io.netty.util.concurrent.DefaultPromise.notifyListenersNow(DefaultPromise.java:559) [netty-common-4.1.113.Final.jar:4.1.113.Final]\n\t\tat io.netty.util.concurrent.DefaultPromise.notifyListeners(DefaultPromise.java:492) [netty-common-4.1.113.Final.jar:4.1.113.Final]\n\t\tat io.netty.util.concurrent.DefaultPromise.setValue0(DefaultPromise.java:636) [netty-common-4.1.113.Final.jar:4.1.113.Final]\n\t\tat io.netty.util.concurrent.DefaultPromise.setFailure0(DefaultPromise.java:629) [netty-common-4.1.113.Final.jar:4.1.113.Final]\n\t\tat io.netty.util.concurrent.DefaultPromise.tryFailure(DefaultPromise.java:118) [netty-common-4.1.113.Final.jar:4.1.113.Final]\n\t\tat io.netty.channel.nio.AbstractNioChannel$AbstractNioUnsafe.fulfillConnectPromise(AbstractNioChannel.java:326) [netty-transport-4.1.113.Final.jar:4.1.113.Final]\n\t\tat io.netty.channel.nio.AbstractNioChannel$AbstractNioUnsafe.finishConnect(AbstractNioChannel.java:342) [netty-transport-4.1.113.Final.jar:4.1.113.Final]\n\t\tat io.netty.channel.nio.NioEventLoop.processSelectedKey(NioEventLoop.java:776) [netty-transport-4.1.113.Final.jar:4.1.113.Final]\n\t\tat io.netty.channel.nio.NioEventLoop.processSelectedKeysOptimized(NioEventLoop.java:724) [netty-transport-4.1.113.Final.jar:4.1.113.Final]\n\t\tat io.netty.channel.nio.NioEventLoop.processSelectedKeys(NioEventLoop.java:650) [netty-transport-4.1.113.Final.jar:4.1.113.Final]\n\t\tat io.netty.channel.nio.NioEventLoop.run(NioEventLoop.java:562) [netty-transport-4.1.113.Final.jar:4.1.113.Final]\n\t\tat io.netty.util.concurrent.SingleThreadEventExecutor$4.run(SingleThreadEventExecutor.java:997) [netty-common-4.1.113.Final.jar:4.1.113.Final]\n\t\tat io.netty.util.internal.ThreadExecutorMap$2.run(ThreadExecutorMap.java:74) [netty-common-4.1.113.Final.jar:4.1.113.Final]\n\t\tat io.netty.util.concurrent.FastThreadLocalRunnable.run(FastThreadLocalRunnable.java:30) [netty-common-4.1.113.Final.jar:4.1.113.Final]\n\t\tat java.base/java.lang.Thread.run(Thread.java:842) [?:?]\nCaused by: io.netty.channel.AbstractChannel$AnnotatedConnectException: Connection refused: no further information: localhost/127.0.0.1:8084\nCaused by: java.net.ConnectException: Connection refused: no further information\n\tat java.base/sun.nio.ch.Net.pollConnect(Native Method) ~[?:?]\n\tat java.base/sun.nio.ch.Net.pollConnectNow(Net.java:672) ~[?:?]\n\tat java.base/sun.nio.ch.SocketChannelImpl.finishConnect(SocketChannelImpl.java:946) ~[?:?]\n\tat io.netty.channel.socket.nio.NioSocketChannel.doFinishConnect(NioSocketChannel.java:336) ~[netty-transport-4.1.113.Final.jar:4.1.113.Final]\n\tat io.netty.channel.nio.AbstractNioChannel$AbstractNioUnsafe.finishConnect(AbstractNioChannel.java:339) [netty-transport-4.1.113.Final.jar:4.1.113.Final]\n\tat io.netty.channel.nio.NioEventLoop.processSelectedKey(NioEventLoop.java:776) [netty-transport-4.1.113.Final.jar:4.1.113.Final]\n\tat io.netty.channel.nio.NioEventLoop.processSelectedKeysOptimized(NioEventLoop.java:724) [netty-transport-4.1.113.Final.jar:4.1.113.Final]\n\tat io.netty.channel.nio.NioEventLoop.processSelectedKeys(NioEventLoop.java:650) [netty-transport-4.1.113.Final.jar:4.1.113.Final]\n\tat io.netty.channel.nio.NioEventLoop.run(NioEventLoop.java:562) [netty-transport-4.1.113.Final.jar:4.1.113.Final]\n\tat io.netty.util.concurrent.SingleThreadEventExecutor$4.run(SingleThreadEventExecutor.java:997) [netty-common-4.1.113.Final.jar:4.1.113.Final]\n\tat io.netty.util.internal.ThreadExecutorMap$2.run(ThreadExecutorMap.java:74) [netty-common-4.1.113.Final.jar:4.1.113.Final]\n\tat io.netty.util.concurrent.FastThreadLocalRunnable.run(FastThreadLocalRunnable.java:30) [netty-common-4.1.113.Final.jar:4.1.113.Final]\n\tat java.base/java.lang.Thread.run(Thread.java:842) [?:?]\n"},"endOfBatch":false,"loggerFqcn":"org.apache.logging.log4j.spi.AbstractLogger","contextMap":{},"threadId":54,"threadPriority":10,"app":"bankx-transactions","env":"dev"}
{"timeMillis":1769004517113,"thread":"boundedElastic-1","level":"DEBUG","loggerName":"org.hibernate.SQL","message":"select rr1_0.id,rr1_0.currency,rr1_0.max_debit_per_tx from risk_rules rr1_0 where rr1_0.currency=? fetch first ? rows only","endOfBatch":false,"loggerFqcn":"org.jboss.logging.Logger","contextMap":{},"threadId":74,"threadPriority":10,"app":"bankx-transactions","env":"dev"}
Hibernate: select rr1_0.id,rr1_0.currency,rr1_0.max_debit_per_tx from risk_rules rr1_0 where rr1_0.currency=? fetch first ? rows only
{"timeMillis":1769004517118,"thread":"nioEventLoopGroup-3-4","level":"DEBUG","loggerName":"com.bankx.service.TransactionService","message":"sse_emit accountId=6970dde3b0144667d08f7a71 txId=6970dde5b0144667d08f7a75 type=DEBIT amount=100","endOfBatch":false,"loggerFqcn":"org.apache.logging.log4j.spi.AbstractLogger","contextMap":{},"threadId":46,"threadPriority":10,"app":"bankx-transactions","env":"dev"}
{"timeMillis":1769004517118,"thread":"nioEventLoopGroup-3-4","level":"INFO","loggerName":"com.bankx.service.TransactionService","message":"create_tx_ok account=001-0001 type=DEBIT amount=100 id=6970dde5b0144667d08f7a75","endOfBatch":false,"loggerFqcn":"org.apache.logging.log4j.spi.AbstractLogger","contextMap":{},"threadId":46,"threadPriority":10,"app":"bankx-transactions","env":"dev"}
]]></system-out>
  </testcase>
</testsuite>